<?xml version="1.0" encoding="UTF-8"?>
<testsuite name="com.ceiba.prestamo.controlador.ConsultaControladorPrestamoTest" tests="1" skipped="0" failures="0" errors="0" timestamp="2022-01-24T13:41:09" hostname="CARLOS-RIASCO" time="0.223">
  <properties/>
  <testcase name="Deberia listar prestamos" classname="com.ceiba.prestamo.controlador.ConsultaControladorPrestamoTest" time="0.223"/>
  <system-out><![CDATA[2022-01-24 08:41:07.654  INFO 13728 --- [    Test worker] o.s.t.c.support.AbstractContextLoader    : Could not detect default resource locations for test class [com.ceiba.prestamo.controlador.ConsultaControladorPrestamoTest]: no resource found for suffixes {-context.xml, Context.groovy}.
2022-01-24 08:41:07.664  INFO 13728 --- [    Test worker] .b.t.a.w.s.WebMvcTestContextBootstrapper : Loaded default TestExecutionListener class names from location [META-INF/spring.factories]: [org.springframework.boot.test.autoconfigure.restdocs.RestDocsTestExecutionListener, org.springframework.boot.test.autoconfigure.web.client.MockRestServiceServerResetTestExecutionListener, org.springframework.boot.test.autoconfigure.web.servlet.MockMvcPrintOnlyOnFailureTestExecutionListener, org.springframework.boot.test.autoconfigure.web.servlet.WebDriverTestExecutionListener, org.springframework.boot.test.autoconfigure.webservices.client.MockWebServiceServerTestExecutionListener, org.springframework.boot.test.mock.mockito.MockitoTestExecutionListener, org.springframework.boot.test.mock.mockito.ResetMocksTestExecutionListener, org.springframework.test.context.web.ServletTestExecutionListener, org.springframework.test.context.support.DirtiesContextBeforeModesTestExecutionListener, org.springframework.test.context.event.ApplicationEventsTestExecutionListener, org.springframework.test.context.support.DependencyInjectionTestExecutionListener, org.springframework.test.context.support.DirtiesContextTestExecutionListener, org.springframework.test.context.transaction.TransactionalTestExecutionListener, org.springframework.test.context.jdbc.SqlScriptsTestExecutionListener, org.springframework.test.context.event.EventPublishingTestExecutionListener]
2022-01-24 08:41:07.666  INFO 13728 --- [    Test worker] .b.t.a.w.s.WebMvcTestContextBootstrapper : Using TestExecutionListeners: [org.springframework.test.context.web.ServletTestExecutionListener@1ba6b7ae, org.springframework.test.context.support.DirtiesContextBeforeModesTestExecutionListener@7660db8d, org.springframework.test.context.event.ApplicationEventsTestExecutionListener@4242ef6e, org.springframework.boot.test.mock.mockito.MockitoTestExecutionListener@8e54cc1, org.springframework.boot.test.autoconfigure.SpringBootDependencyInjectionTestExecutionListener@26d081b4, org.springframework.test.context.support.DirtiesContextTestExecutionListener@561c9a50, org.springframework.test.context.transaction.TransactionalTestExecutionListener@3f02662, org.springframework.test.context.jdbc.SqlScriptsTestExecutionListener@21d1e199, org.springframework.test.context.event.EventPublishingTestExecutionListener@32e0936, org.springframework.boot.test.autoconfigure.restdocs.RestDocsTestExecutionListener@31d2cd19, org.springframework.boot.test.autoconfigure.web.client.MockRestServiceServerResetTestExecutionListener@33932e77, org.springframework.boot.test.autoconfigure.web.servlet.MockMvcPrintOnlyOnFailureTestExecutionListener@1d60dcb5, org.springframework.boot.test.autoconfigure.web.servlet.WebDriverTestExecutionListener@6ef40196, org.springframework.boot.test.autoconfigure.webservices.client.MockWebServiceServerTestExecutionListener@4969a354, org.springframework.boot.test.mock.mockito.ResetMocksTestExecutionListener@6323cc98]

  .   ____          _            __ _ _
 /\\ / ___'_ __ _ _(_)_ __  __ _ \ \ \ \
( ( )\___ | '_ | '_| | '_ \/ _` | \ \ \ \
 \\/  ___)| |_)| | | | | || (_| |  ) ) ) )
  '  |____| .__|_| |_|_| |_\__, | / / / /
 =========|_|==============|___/=/_/_/_/
 :: Spring Boot ::                (v2.5.3)

2022-01-24 08:41:07.761  INFO 13728 --- [    Test worker] c.c.p.c.ConsultaControladorPrestamoTest  : Starting ConsultaControladorPrestamoTest using Java 1.8.0_311 on CARLOS-RIASCO with PID 13728 (started by carlos.riascos in C:\Users\carlos.riascos\Desktop\ADN\java-arquitectura-hexagonal\microservicio\infraestructura)
2022-01-24 08:41:07.763  INFO 13728 --- [    Test worker] c.c.p.c.ConsultaControladorPrestamoTest  : No active profile set, falling back to default profiles: default
2022-01-24 08:41:08.358  INFO 13728 --- [    Test worker] com.zaxxer.hikari.HikariDataSource       : pool - Starting...
2022-01-24 08:41:08.362  INFO 13728 --- [    Test worker] com.zaxxer.hikari.HikariDataSource       : pool - Start completed.
2022-01-24 08:41:09.200  INFO 13728 --- [    Test worker] pertySourcedRequestMappingHandlerMapping : Mapped URL path [/v2/api-docs] onto method [springfox.documentation.swagger2.web.Swagger2Controller#getDocumentation(String, HttpServletRequest)]
2022-01-24 08:41:09.204  INFO 13728 --- [    Test worker] o.s.j.d.e.EmbeddedDatabaseFactory        : Starting embedded database: url='jdbc:h2:mem:testdb;DB_CLOSE_DELAY=-1;DB_CLOSE_ON_EXIT=false', username='sa'
2022-01-24 08:41:09.214  INFO 13728 --- [    Test worker] o.f.c.internal.database.DatabaseFactory  : Database: jdbc:h2:mem:testdb (H2 1.4)
2022-01-24 08:41:09.215  WARN 13728 --- [    Test worker] o.f.c.internal.database.base.Database    : Flyway upgrade recommended: H2 1.4.200 is newer than this version of Flyway and support has not been tested.
2022-01-24 08:41:09.234  INFO 13728 --- [    Test worker] o.f.core.internal.command.DbValidate     : Successfully validated 8 migrations (execution time 00:00.010s)
2022-01-24 08:41:09.238  INFO 13728 --- [    Test worker] o.f.c.i.s.JdbcTableSchemaHistory         : Creating Schema History table: "PUBLIC"."flyway_schema_history"
2022-01-24 08:41:09.247  INFO 13728 --- [    Test worker] o.f.core.internal.command.DbMigrate      : Current version of schema "PUBLIC": << Empty Schema >>
2022-01-24 08:41:09.247  INFO 13728 --- [    Test worker] o.f.core.internal.command.DbMigrate      : Migrating schema "PUBLIC" to version 1.0 - schema
2022-01-24 08:41:09.256  INFO 13728 --- [    Test worker] o.f.core.internal.command.DbMigrate      : Migrating schema "PUBLIC" to version 1.1 - schema persona
2022-01-24 08:41:09.263  INFO 13728 --- [    Test worker] o.f.core.internal.command.DbMigrate      : Migrating schema "PUBLIC" to version 1.1.1 - data
2022-01-24 08:41:09.271  INFO 13728 --- [    Test worker] o.f.core.internal.command.DbMigrate      : Migrating schema "PUBLIC" to version 1.1.2 - persona  data
2022-01-24 08:41:09.278  INFO 13728 --- [    Test worker] o.f.core.internal.command.DbMigrate      : Migrating schema "PUBLIC" to version 1.2 - schema prestamos
2022-01-24 08:41:09.289  INFO 13728 --- [    Test worker] o.f.core.internal.command.DbMigrate      : Migrating schema "PUBLIC" to version 1.2.1 - prestamos  data
2022-01-24 08:41:09.296  INFO 13728 --- [    Test worker] o.f.core.internal.command.DbMigrate      : Migrating schema "PUBLIC" to version 1.3 - schema abonos
2022-01-24 08:41:09.313  INFO 13728 --- [    Test worker] o.f.core.internal.command.DbMigrate      : Migrating schema "PUBLIC" to version 1.3.1 - abonos  data
2022-01-24 08:41:09.325  INFO 13728 --- [    Test worker] o.f.core.internal.command.DbMigrate      : Successfully applied 8 migrations to schema "PUBLIC" (execution time 00:00.087s)
2022-01-24 08:41:09.682  INFO 13728 --- [    Test worker] o.s.b.t.m.w.SpringBootMockServletContext : Initializing Spring TestDispatcherServlet ''
2022-01-24 08:41:09.682  INFO 13728 --- [    Test worker] o.s.t.web.servlet.TestDispatcherServlet  : Initializing Servlet ''
2022-01-24 08:41:09.683  INFO 13728 --- [    Test worker] o.s.t.web.servlet.TestDispatcherServlet  : Completed initialization in 1 ms
2022-01-24 08:41:09.702  INFO 13728 --- [    Test worker] d.s.w.p.DocumentationPluginsBootstrapper : Context refreshed
2022-01-24 08:41:09.703  INFO 13728 --- [    Test worker] d.s.w.p.DocumentationPluginsBootstrapper : Found 1 custom documentation plugin(s)
2022-01-24 08:41:09.715  INFO 13728 --- [    Test worker] s.d.s.w.s.ApiListingReferenceScanner     : Scanning for api listing references
2022-01-24 08:41:09.727  INFO 13728 --- [    Test worker] .d.s.w.r.o.CachingOperationNameGenerator : Generating unique operation named: crearUsingPOST_1
2022-01-24 08:41:09.730  INFO 13728 --- [    Test worker] .d.s.w.r.o.CachingOperationNameGenerator : Generating unique operation named: crearUsingPOST_2
2022-01-24 08:41:09.735  INFO 13728 --- [    Test worker] .d.s.w.r.o.CachingOperationNameGenerator : Generating unique operation named: crearUsingPOST_3
2022-01-24 08:41:09.748  INFO 13728 --- [    Test worker] .d.s.w.r.o.CachingOperationNameGenerator : Generating unique operation named: listarUsingGET_1
2022-01-24 08:41:09.753  INFO 13728 --- [    Test worker] .d.s.w.r.o.CachingOperationNameGenerator : Generating unique operation named: listarUsingGET_2
2022-01-24 08:41:09.761  INFO 13728 --- [    Test worker] .d.s.w.r.o.CachingOperationNameGenerator : Generating unique operation named: listarUsingGET_3
2022-01-24 08:41:09.765  INFO 13728 --- [    Test worker] c.c.p.c.ConsultaControladorPrestamoTest  : Started ConsultaControladorPrestamoTest in 2.093 seconds (JVM running for 39.587)
2022-01-24 08:41:09.788  INFO 13728 --- [    Test worker] o.s.j.d.e.EmbeddedDatabaseFactory        : Shutting down embedded database: url='jdbc:h2:mem:testdb;DB_CLOSE_DELAY=-1;DB_CLOSE_ON_EXIT=false'
2022-01-24 08:41:09.992  INFO 13728 --- [    Test worker] com.zaxxer.hikari.HikariDataSource       : pool - Shutdown initiated...
2022-01-24 08:41:09.994  INFO 13728 --- [    Test worker] com.zaxxer.hikari.HikariDataSource       : pool - Shutdown completed.
]]></system-out>
  <system-err><![CDATA[]]></system-err>
</testsuite>
