<?xml version="1.0" encoding="UTF-8"?>
<testsuite name="com.ceiba.abono.controlador.ConsultaControladorAbonoTest" tests="2" skipped="0" failures="0" errors="0" timestamp="2022-01-26T21:39:24" hostname="CARLOS-RIASCO" time="3.131">
  <properties/>
  <testcase name="Deberia listar abonos con prestamo" classname="com.ceiba.abono.controlador.ConsultaControladorAbonoTest" time="0.675"/>
  <testcase name="Deberia listar abonos" classname="com.ceiba.abono.controlador.ConsultaControladorAbonoTest" time="0.243"/>
  <system-out><![CDATA[2022-01-26 16:39:22.054  INFO 18376 --- [    Test worker] o.s.t.c.support.AbstractContextLoader    : Could not detect default resource locations for test class [com.ceiba.abono.controlador.ConsultaControladorAbonoTest]: no resource found for suffixes {-context.xml, Context.groovy}.
2022-01-26 16:39:22.069  INFO 18376 --- [    Test worker] .b.t.a.w.s.WebMvcTestContextBootstrapper : Loaded default TestExecutionListener class names from location [META-INF/spring.factories]: [org.springframework.boot.test.autoconfigure.restdocs.RestDocsTestExecutionListener, org.springframework.boot.test.autoconfigure.web.client.MockRestServiceServerResetTestExecutionListener, org.springframework.boot.test.autoconfigure.web.servlet.MockMvcPrintOnlyOnFailureTestExecutionListener, org.springframework.boot.test.autoconfigure.web.servlet.WebDriverTestExecutionListener, org.springframework.boot.test.autoconfigure.webservices.client.MockWebServiceServerTestExecutionListener, org.springframework.boot.test.mock.mockito.MockitoTestExecutionListener, org.springframework.boot.test.mock.mockito.ResetMocksTestExecutionListener, org.springframework.test.context.web.ServletTestExecutionListener, org.springframework.test.context.support.DirtiesContextBeforeModesTestExecutionListener, org.springframework.test.context.event.ApplicationEventsTestExecutionListener, org.springframework.test.context.support.DependencyInjectionTestExecutionListener, org.springframework.test.context.support.DirtiesContextTestExecutionListener, org.springframework.test.context.transaction.TransactionalTestExecutionListener, org.springframework.test.context.jdbc.SqlScriptsTestExecutionListener, org.springframework.test.context.event.EventPublishingTestExecutionListener]
2022-01-26 16:39:22.070  INFO 18376 --- [    Test worker] .b.t.a.w.s.WebMvcTestContextBootstrapper : Using TestExecutionListeners: [org.springframework.test.context.web.ServletTestExecutionListener@42d84209, org.springframework.test.context.support.DirtiesContextBeforeModesTestExecutionListener@24126432, org.springframework.test.context.event.ApplicationEventsTestExecutionListener@5181714a, org.springframework.boot.test.mock.mockito.MockitoTestExecutionListener@799441e7, org.springframework.boot.test.autoconfigure.SpringBootDependencyInjectionTestExecutionListener@79dc9cd6, org.springframework.test.context.support.DirtiesContextTestExecutionListener@4ed8542b, org.springframework.test.context.transaction.TransactionalTestExecutionListener@1489779b, org.springframework.test.context.jdbc.SqlScriptsTestExecutionListener@4f499794, org.springframework.test.context.event.EventPublishingTestExecutionListener@52ee8887, org.springframework.boot.test.autoconfigure.restdocs.RestDocsTestExecutionListener@5e1be7fd, org.springframework.boot.test.autoconfigure.web.client.MockRestServiceServerResetTestExecutionListener@171760a, org.springframework.boot.test.autoconfigure.web.servlet.MockMvcPrintOnlyOnFailureTestExecutionListener@287b487, org.springframework.boot.test.autoconfigure.web.servlet.WebDriverTestExecutionListener@248baee0, org.springframework.boot.test.autoconfigure.webservices.client.MockWebServiceServerTestExecutionListener@252e9183, org.springframework.boot.test.mock.mockito.ResetMocksTestExecutionListener@2f65720a]

  .   ____          _            __ _ _
 /\\ / ___'_ __ _ _(_)_ __  __ _ \ \ \ \
( ( )\___ | '_ | '_| | '_ \/ _` | \ \ \ \
 \\/  ___)| |_)| | | | | || (_| |  ) ) ) )
  '  |____| .__|_| |_|_| |_\__, | / / / /
 =========|_|==============|___/=/_/_/_/
 :: Spring Boot ::                (v2.5.3)

2022-01-26 16:39:22.167  INFO 18376 --- [    Test worker] c.c.a.c.ConsultaControladorAbonoTest     : Starting ConsultaControladorAbonoTest using Java 1.8.0_311 on CARLOS-RIASCO with PID 18376 (started by carlos.riascos in C:\Users\carlos.riascos\Desktop\ADN\java-arquitectura-hexagonal\microservicio\infraestructura)
2022-01-26 16:39:22.168  INFO 18376 --- [    Test worker] c.c.a.c.ConsultaControladorAbonoTest     : No active profile set, falling back to default profiles: default
2022-01-26 16:39:22.750  INFO 18376 --- [    Test worker] com.zaxxer.hikari.HikariDataSource       : pool - Starting...
2022-01-26 16:39:22.754  INFO 18376 --- [    Test worker] com.zaxxer.hikari.HikariDataSource       : pool - Start completed.
2022-01-26 16:39:23.659  INFO 18376 --- [    Test worker] pertySourcedRequestMappingHandlerMapping : Mapped URL path [/v2/api-docs] onto method [springfox.documentation.swagger2.web.Swagger2Controller#getDocumentation(String, HttpServletRequest)]
2022-01-26 16:39:23.664  INFO 18376 --- [    Test worker] o.s.j.d.e.EmbeddedDatabaseFactory        : Starting embedded database: url='jdbc:h2:mem:testdb;DB_CLOSE_DELAY=-1;DB_CLOSE_ON_EXIT=false', username='sa'
2022-01-26 16:39:23.678  INFO 18376 --- [    Test worker] o.f.c.internal.database.DatabaseFactory  : Database: jdbc:h2:mem:testdb (H2 1.4)
2022-01-26 16:39:23.682  WARN 18376 --- [    Test worker] o.f.c.internal.database.base.Database    : Flyway upgrade recommended: H2 1.4.200 is newer than this version of Flyway and support has not been tested.
2022-01-26 16:39:23.723  INFO 18376 --- [    Test worker] o.f.core.internal.command.DbValidate     : Successfully validated 8 migrations (execution time 00:00.019s)
2022-01-26 16:39:23.732  INFO 18376 --- [    Test worker] o.f.c.i.s.JdbcTableSchemaHistory         : Creating Schema History table: "PUBLIC"."flyway_schema_history"
2022-01-26 16:39:23.747  INFO 18376 --- [    Test worker] o.f.core.internal.command.DbMigrate      : Current version of schema "PUBLIC": << Empty Schema >>
2022-01-26 16:39:23.748  INFO 18376 --- [    Test worker] o.f.core.internal.command.DbMigrate      : Migrating schema "PUBLIC" to version 1.0 - schema
2022-01-26 16:39:23.763  INFO 18376 --- [    Test worker] o.f.core.internal.command.DbMigrate      : Migrating schema "PUBLIC" to version 1.1 - schema persona
2022-01-26 16:39:23.776  INFO 18376 --- [    Test worker] o.f.core.internal.command.DbMigrate      : Migrating schema "PUBLIC" to version 1.1.1 - data
2022-01-26 16:39:23.787  INFO 18376 --- [    Test worker] o.f.core.internal.command.DbMigrate      : Migrating schema "PUBLIC" to version 1.1.2 - persona  data
2022-01-26 16:39:23.799  INFO 18376 --- [    Test worker] o.f.core.internal.command.DbMigrate      : Migrating schema "PUBLIC" to version 1.2 - schema prestamos
2022-01-26 16:39:23.814  INFO 18376 --- [    Test worker] o.f.core.internal.command.DbMigrate      : Migrating schema "PUBLIC" to version 1.2.1 - prestamos  data
2022-01-26 16:39:23.825  INFO 18376 --- [    Test worker] o.f.core.internal.command.DbMigrate      : Migrating schema "PUBLIC" to version 1.3 - schema abonos
2022-01-26 16:39:23.839  INFO 18376 --- [    Test worker] o.f.core.internal.command.DbMigrate      : Migrating schema "PUBLIC" to version 1.3.1 - abonos  data
2022-01-26 16:39:23.850  INFO 18376 --- [    Test worker] o.f.core.internal.command.DbMigrate      : Successfully applied 8 migrations to schema "PUBLIC" (execution time 00:00.120s)
2022-01-26 16:39:24.254  INFO 18376 --- [    Test worker] o.s.b.t.m.w.SpringBootMockServletContext : Initializing Spring TestDispatcherServlet ''
2022-01-26 16:39:24.255  INFO 18376 --- [    Test worker] o.s.t.web.servlet.TestDispatcherServlet  : Initializing Servlet ''
2022-01-26 16:39:24.256  INFO 18376 --- [    Test worker] o.s.t.web.servlet.TestDispatcherServlet  : Completed initialization in 1 ms
2022-01-26 16:39:24.290  INFO 18376 --- [    Test worker] d.s.w.p.DocumentationPluginsBootstrapper : Context refreshed
2022-01-26 16:39:24.290  INFO 18376 --- [    Test worker] d.s.w.p.DocumentationPluginsBootstrapper : Found 1 custom documentation plugin(s)
2022-01-26 16:39:24.310  INFO 18376 --- [    Test worker] s.d.s.w.s.ApiListingReferenceScanner     : Scanning for api listing references
2022-01-26 16:39:24.330  INFO 18376 --- [    Test worker] .d.s.w.r.o.CachingOperationNameGenerator : Generating unique operation named: crearUsingPOST_1
2022-01-26 16:39:24.339  INFO 18376 --- [    Test worker] .d.s.w.r.o.CachingOperationNameGenerator : Generating unique operation named: crearUsingPOST_2
2022-01-26 16:39:24.355  INFO 18376 --- [    Test worker] .d.s.w.r.o.CachingOperationNameGenerator : Generating unique operation named: crearUsingPOST_3
2022-01-26 16:39:24.381  INFO 18376 --- [    Test worker] .d.s.w.r.o.CachingOperationNameGenerator : Generating unique operation named: listarUsingGET_1
2022-01-26 16:39:24.391  INFO 18376 --- [    Test worker] .d.s.w.r.o.CachingOperationNameGenerator : Generating unique operation named: listarUsingGET_2
2022-01-26 16:39:24.403  INFO 18376 --- [    Test worker] .d.s.w.r.o.CachingOperationNameGenerator : Generating unique operation named: listarUsingGET_3
2022-01-26 16:39:24.421  INFO 18376 --- [    Test worker] c.c.a.c.ConsultaControladorAbonoTest     : Started ConsultaControladorAbonoTest in 2.34 seconds (JVM running for 16.451)
2022-01-26 16:39:24.887  INFO 18376 --- [    Test worker] o.s.j.d.e.EmbeddedDatabaseFactory        : Shutting down embedded database: url='jdbc:h2:mem:testdb;DB_CLOSE_DELAY=-1;DB_CLOSE_ON_EXIT=false'
2022-01-26 16:39:25.097  INFO 18376 --- [    Test worker] com.zaxxer.hikari.HikariDataSource       : pool - Shutdown initiated...
2022-01-26 16:39:25.100  INFO 18376 --- [    Test worker] com.zaxxer.hikari.HikariDataSource       : pool - Shutdown completed.

  .   ____          _            __ _ _
 /\\ / ___'_ __ _ _(_)_ __  __ _ \ \ \ \
( ( )\___ | '_ | '_| | '_ \/ _` | \ \ \ \
 \\/  ___)| |_)| | | | | || (_| |  ) ) ) )
  '  |____| .__|_| |_|_| |_\__, | / / / /
 =========|_|==============|___/=/_/_/_/
 :: Spring Boot ::                (v2.5.3)

2022-01-26 16:39:25.166  INFO 18376 --- [    Test worker] c.c.a.c.ConsultaControladorAbonoTest     : Starting ConsultaControladorAbonoTest using Java 1.8.0_311 on CARLOS-RIASCO with PID 18376 (started by carlos.riascos in C:\Users\carlos.riascos\Desktop\ADN\java-arquitectura-hexagonal\microservicio\infraestructura)
2022-01-26 16:39:25.167  INFO 18376 --- [    Test worker] c.c.a.c.ConsultaControladorAbonoTest     : No active profile set, falling back to default profiles: default
2022-01-26 16:39:25.732  INFO 18376 --- [    Test worker] com.zaxxer.hikari.HikariDataSource       : pool - Starting...
2022-01-26 16:39:25.736  INFO 18376 --- [    Test worker] com.zaxxer.hikari.HikariDataSource       : pool - Start completed.
2022-01-26 16:39:26.569  INFO 18376 --- [    Test worker] pertySourcedRequestMappingHandlerMapping : Mapped URL path [/v2/api-docs] onto method [springfox.documentation.swagger2.web.Swagger2Controller#getDocumentation(String, HttpServletRequest)]
2022-01-26 16:39:26.575  INFO 18376 --- [    Test worker] o.s.j.d.e.EmbeddedDatabaseFactory        : Starting embedded database: url='jdbc:h2:mem:testdb;DB_CLOSE_DELAY=-1;DB_CLOSE_ON_EXIT=false', username='sa'
2022-01-26 16:39:26.586  INFO 18376 --- [    Test worker] o.f.c.internal.database.DatabaseFactory  : Database: jdbc:h2:mem:testdb (H2 1.4)
2022-01-26 16:39:26.589  WARN 18376 --- [    Test worker] o.f.c.internal.database.base.Database    : Flyway upgrade recommended: H2 1.4.200 is newer than this version of Flyway and support has not been tested.
2022-01-26 16:39:26.624  INFO 18376 --- [    Test worker] o.f.core.internal.command.DbValidate     : Successfully validated 8 migrations (execution time 00:00.018s)
2022-01-26 16:39:26.632  INFO 18376 --- [    Test worker] o.f.c.i.s.JdbcTableSchemaHistory         : Creating Schema History table: "PUBLIC"."flyway_schema_history"
2022-01-26 16:39:26.645  INFO 18376 --- [    Test worker] o.f.core.internal.command.DbMigrate      : Current version of schema "PUBLIC": << Empty Schema >>
2022-01-26 16:39:26.645  INFO 18376 --- [    Test worker] o.f.core.internal.command.DbMigrate      : Migrating schema "PUBLIC" to version 1.0 - schema
2022-01-26 16:39:26.659  INFO 18376 --- [    Test worker] o.f.core.internal.command.DbMigrate      : Migrating schema "PUBLIC" to version 1.1 - schema persona
2022-01-26 16:39:26.674  INFO 18376 --- [    Test worker] o.f.core.internal.command.DbMigrate      : Migrating schema "PUBLIC" to version 1.1.1 - data
2022-01-26 16:39:26.688  INFO 18376 --- [    Test worker] o.f.core.internal.command.DbMigrate      : Migrating schema "PUBLIC" to version 1.1.2 - persona  data
2022-01-26 16:39:26.700  INFO 18376 --- [    Test worker] o.f.core.internal.command.DbMigrate      : Migrating schema "PUBLIC" to version 1.2 - schema prestamos
2022-01-26 16:39:26.716  INFO 18376 --- [    Test worker] o.f.core.internal.command.DbMigrate      : Migrating schema "PUBLIC" to version 1.2.1 - prestamos  data
2022-01-26 16:39:26.729  INFO 18376 --- [    Test worker] o.f.core.internal.command.DbMigrate      : Migrating schema "PUBLIC" to version 1.3 - schema abonos
2022-01-26 16:39:26.742  INFO 18376 --- [    Test worker] o.f.core.internal.command.DbMigrate      : Migrating schema "PUBLIC" to version 1.3.1 - abonos  data
2022-01-26 16:39:26.756  INFO 18376 --- [    Test worker] o.f.core.internal.command.DbMigrate      : Successfully applied 8 migrations to schema "PUBLIC" (execution time 00:00.126s)
2022-01-26 16:39:27.155  INFO 18376 --- [    Test worker] o.s.b.t.m.w.SpringBootMockServletContext : Initializing Spring TestDispatcherServlet ''
2022-01-26 16:39:27.155  INFO 18376 --- [    Test worker] o.s.t.web.servlet.TestDispatcherServlet  : Initializing Servlet ''
2022-01-26 16:39:27.156  INFO 18376 --- [    Test worker] o.s.t.web.servlet.TestDispatcherServlet  : Completed initialization in 1 ms
2022-01-26 16:39:27.182  INFO 18376 --- [    Test worker] d.s.w.p.DocumentationPluginsBootstrapper : Context refreshed
2022-01-26 16:39:27.183  INFO 18376 --- [    Test worker] d.s.w.p.DocumentationPluginsBootstrapper : Found 1 custom documentation plugin(s)
2022-01-26 16:39:27.206  INFO 18376 --- [    Test worker] s.d.s.w.s.ApiListingReferenceScanner     : Scanning for api listing references
2022-01-26 16:39:27.231  INFO 18376 --- [    Test worker] .d.s.w.r.o.CachingOperationNameGenerator : Generating unique operation named: crearUsingPOST_1
2022-01-26 16:39:27.239  INFO 18376 --- [    Test worker] .d.s.w.r.o.CachingOperationNameGenerator : Generating unique operation named: crearUsingPOST_2
2022-01-26 16:39:27.254  INFO 18376 --- [    Test worker] .d.s.w.r.o.CachingOperationNameGenerator : Generating unique operation named: crearUsingPOST_3
2022-01-26 16:39:27.276  INFO 18376 --- [    Test worker] .d.s.w.r.o.CachingOperationNameGenerator : Generating unique operation named: listarUsingGET_1
2022-01-26 16:39:27.284  INFO 18376 --- [    Test worker] .d.s.w.r.o.CachingOperationNameGenerator : Generating unique operation named: listarUsingGET_2
2022-01-26 16:39:27.295  INFO 18376 --- [    Test worker] .d.s.w.r.o.CachingOperationNameGenerator : Generating unique operation named: listarUsingGET_3
2022-01-26 16:39:27.310  INFO 18376 --- [    Test worker] c.c.a.c.ConsultaControladorAbonoTest     : Started ConsultaControladorAbonoTest in 2.203 seconds (JVM running for 19.34)
2022-01-26 16:39:27.335  INFO 18376 --- [    Test worker] o.s.j.d.e.EmbeddedDatabaseFactory        : Shutting down embedded database: url='jdbc:h2:mem:testdb;DB_CLOSE_DELAY=-1;DB_CLOSE_ON_EXIT=false'
2022-01-26 16:39:27.550  INFO 18376 --- [    Test worker] com.zaxxer.hikari.HikariDataSource       : pool - Shutdown initiated...
2022-01-26 16:39:27.557  INFO 18376 --- [    Test worker] com.zaxxer.hikari.HikariDataSource       : pool - Shutdown completed.
]]></system-out>
  <system-err><![CDATA[]]></system-err>
</testsuite>
