<?xml version="1.0" encoding="UTF-8"?>
<testsuite name="com.ceiba.usuario.controlador.ConsultaControladorUsuarioTest" tests="3" skipped="0" failures="0" errors="0" timestamp="2022-01-27T14:16:20" hostname="CARLOS-RIASCO" time="4.092">
  <properties/>
  <testcase name="Deberia listar usuarios" classname="com.ceiba.usuario.controlador.ConsultaControladorUsuarioTest" time="0.223"/>
  <testcase name="Deberia fallar al consultar usuario sin existir" classname="com.ceiba.usuario.controlador.ConsultaControladorUsuarioTest" time="0.23"/>
  <testcase name="Deberia listar usuarios por Id" classname="com.ceiba.usuario.controlador.ConsultaControladorUsuarioTest" time="0.238"/>
  <system-out><![CDATA[2022-01-27 09:16:18.886  INFO 22676 --- [    Test worker] o.s.t.c.support.AbstractContextLoader    : Could not detect default resource locations for test class [com.ceiba.usuario.controlador.ConsultaControladorUsuarioTest]: no resource found for suffixes {-context.xml, Context.groovy}.
2022-01-27 09:16:18.891  INFO 22676 --- [    Test worker] .b.t.a.w.s.WebMvcTestContextBootstrapper : Loaded default TestExecutionListener class names from location [META-INF/spring.factories]: [org.springframework.boot.test.autoconfigure.restdocs.RestDocsTestExecutionListener, org.springframework.boot.test.autoconfigure.web.client.MockRestServiceServerResetTestExecutionListener, org.springframework.boot.test.autoconfigure.web.servlet.MockMvcPrintOnlyOnFailureTestExecutionListener, org.springframework.boot.test.autoconfigure.web.servlet.WebDriverTestExecutionListener, org.springframework.boot.test.autoconfigure.webservices.client.MockWebServiceServerTestExecutionListener, org.springframework.boot.test.mock.mockito.MockitoTestExecutionListener, org.springframework.boot.test.mock.mockito.ResetMocksTestExecutionListener, org.springframework.test.context.web.ServletTestExecutionListener, org.springframework.test.context.support.DirtiesContextBeforeModesTestExecutionListener, org.springframework.test.context.event.ApplicationEventsTestExecutionListener, org.springframework.test.context.support.DependencyInjectionTestExecutionListener, org.springframework.test.context.support.DirtiesContextTestExecutionListener, org.springframework.test.context.transaction.TransactionalTestExecutionListener, org.springframework.test.context.jdbc.SqlScriptsTestExecutionListener, org.springframework.test.context.event.EventPublishingTestExecutionListener]
2022-01-27 09:16:18.892  INFO 22676 --- [    Test worker] .b.t.a.w.s.WebMvcTestContextBootstrapper : Using TestExecutionListeners: [org.springframework.test.context.web.ServletTestExecutionListener@32d07edb, org.springframework.test.context.support.DirtiesContextBeforeModesTestExecutionListener@61f9e8a, org.springframework.test.context.event.ApplicationEventsTestExecutionListener@629a4ae7, org.springframework.boot.test.mock.mockito.MockitoTestExecutionListener@2aad15f6, org.springframework.boot.test.autoconfigure.SpringBootDependencyInjectionTestExecutionListener@1bba80de, org.springframework.test.context.support.DirtiesContextTestExecutionListener@61abb6ed, org.springframework.test.context.transaction.TransactionalTestExecutionListener@51d6054d, org.springframework.test.context.jdbc.SqlScriptsTestExecutionListener@1316b824, org.springframework.test.context.event.EventPublishingTestExecutionListener@5ce576e8, org.springframework.boot.test.autoconfigure.restdocs.RestDocsTestExecutionListener@60c5bf47, org.springframework.boot.test.autoconfigure.web.client.MockRestServiceServerResetTestExecutionListener@158227f, org.springframework.boot.test.autoconfigure.web.servlet.MockMvcPrintOnlyOnFailureTestExecutionListener@27296de8, org.springframework.boot.test.autoconfigure.web.servlet.WebDriverTestExecutionListener@500c1dd3, org.springframework.boot.test.autoconfigure.webservices.client.MockWebServiceServerTestExecutionListener@1d7ebf12, org.springframework.boot.test.mock.mockito.ResetMocksTestExecutionListener@5df53d18]

  .   ____          _            __ _ _
 /\\ / ___'_ __ _ _(_)_ __  __ _ \ \ \ \
( ( )\___ | '_ | '_| | '_ \/ _` | \ \ \ \
 \\/  ___)| |_)| | | | | || (_| |  ) ) ) )
  '  |____| .__|_| |_|_| |_\__, | / / / /
 =========|_|==============|___/=/_/_/_/
 :: Spring Boot ::                (v2.5.3)

2022-01-27 09:16:18.999  INFO 22676 --- [    Test worker] c.c.u.c.ConsultaControladorUsuarioTest   : Starting ConsultaControladorUsuarioTest using Java 1.8.0_311 on CARLOS-RIASCO with PID 22676 (started by carlos.riascos in C:\Users\carlos.riascos\Desktop\ADN\java-arquitectura-hexagonal\microservicio\infraestructura)
2022-01-27 09:16:19.001  INFO 22676 --- [    Test worker] c.c.u.c.ConsultaControladorUsuarioTest   : No active profile set, falling back to default profiles: default
2022-01-27 09:16:19.413  INFO 22676 --- [    Test worker] com.zaxxer.hikari.HikariDataSource       : pool - Starting...
2022-01-27 09:16:19.416  INFO 22676 --- [    Test worker] com.zaxxer.hikari.HikariDataSource       : pool - Start completed.
2022-01-27 09:16:20.016  INFO 22676 --- [    Test worker] pertySourcedRequestMappingHandlerMapping : Mapped URL path [/v2/api-docs] onto method [springfox.documentation.swagger2.web.Swagger2Controller#getDocumentation(String, HttpServletRequest)]
2022-01-27 09:16:20.021  INFO 22676 --- [    Test worker] o.s.j.d.e.EmbeddedDatabaseFactory        : Starting embedded database: url='jdbc:h2:mem:testdb;DB_CLOSE_DELAY=-1;DB_CLOSE_ON_EXIT=false', username='sa'
2022-01-27 09:16:20.028  INFO 22676 --- [    Test worker] o.f.c.internal.database.DatabaseFactory  : Database: jdbc:h2:mem:testdb (H2 1.4)
2022-01-27 09:16:20.029  WARN 22676 --- [    Test worker] o.f.c.internal.database.base.Database    : Flyway upgrade recommended: H2 1.4.200 is newer than this version of Flyway and support has not been tested.
2022-01-27 09:16:20.043  INFO 22676 --- [    Test worker] o.f.core.internal.command.DbValidate     : Successfully validated 8 migrations (execution time 00:00.006s)
2022-01-27 09:16:20.045  INFO 22676 --- [    Test worker] o.f.c.i.s.JdbcTableSchemaHistory         : Creating Schema History table: "PUBLIC"."flyway_schema_history"
2022-01-27 09:16:20.050  INFO 22676 --- [    Test worker] o.f.core.internal.command.DbMigrate      : Current version of schema "PUBLIC": << Empty Schema >>
2022-01-27 09:16:20.051  INFO 22676 --- [    Test worker] o.f.core.internal.command.DbMigrate      : Migrating schema "PUBLIC" to version 1.0 - schema
2022-01-27 09:16:20.056  INFO 22676 --- [    Test worker] o.f.core.internal.command.DbMigrate      : Migrating schema "PUBLIC" to version 1.1 - schema persona
2022-01-27 09:16:20.062  INFO 22676 --- [    Test worker] o.f.core.internal.command.DbMigrate      : Migrating schema "PUBLIC" to version 1.1.1 - data
2022-01-27 09:16:20.066  INFO 22676 --- [    Test worker] o.f.core.internal.command.DbMigrate      : Migrating schema "PUBLIC" to version 1.1.2 - persona  data
2022-01-27 09:16:20.072  INFO 22676 --- [    Test worker] o.f.core.internal.command.DbMigrate      : Migrating schema "PUBLIC" to version 1.2 - schema prestamos
2022-01-27 09:16:20.078  INFO 22676 --- [    Test worker] o.f.core.internal.command.DbMigrate      : Migrating schema "PUBLIC" to version 1.2.1 - prestamos  data
2022-01-27 09:16:20.087  INFO 22676 --- [    Test worker] o.f.core.internal.command.DbMigrate      : Migrating schema "PUBLIC" to version 1.3 - schema abonos
2022-01-27 09:16:20.096  INFO 22676 --- [    Test worker] o.f.core.internal.command.DbMigrate      : Migrating schema "PUBLIC" to version 1.3.1 - abonos  data
2022-01-27 09:16:20.103  INFO 22676 --- [    Test worker] o.f.core.internal.command.DbMigrate      : Successfully applied 8 migrations to schema "PUBLIC" (execution time 00:00.059s)
2022-01-27 09:16:20.513  INFO 22676 --- [    Test worker] o.s.b.t.m.w.SpringBootMockServletContext : Initializing Spring TestDispatcherServlet ''
2022-01-27 09:16:20.513  INFO 22676 --- [    Test worker] o.s.t.web.servlet.TestDispatcherServlet  : Initializing Servlet ''
2022-01-27 09:16:20.514  INFO 22676 --- [    Test worker] o.s.t.web.servlet.TestDispatcherServlet  : Completed initialization in 1 ms
2022-01-27 09:16:20.535  INFO 22676 --- [    Test worker] d.s.w.p.DocumentationPluginsBootstrapper : Context refreshed
2022-01-27 09:16:20.535  INFO 22676 --- [    Test worker] d.s.w.p.DocumentationPluginsBootstrapper : Found 1 custom documentation plugin(s)
2022-01-27 09:16:20.547  INFO 22676 --- [    Test worker] s.d.s.w.s.ApiListingReferenceScanner     : Scanning for api listing references
2022-01-27 09:16:20.558  INFO 22676 --- [    Test worker] .d.s.w.r.o.CachingOperationNameGenerator : Generating unique operation named: crearUsingPOST_1
2022-01-27 09:16:20.562  INFO 22676 --- [    Test worker] .d.s.w.r.o.CachingOperationNameGenerator : Generating unique operation named: crearUsingPOST_2
2022-01-27 09:16:20.569  INFO 22676 --- [    Test worker] .d.s.w.r.o.CachingOperationNameGenerator : Generating unique operation named: crearUsingPOST_3
2022-01-27 09:16:20.580  INFO 22676 --- [    Test worker] .d.s.w.r.o.CachingOperationNameGenerator : Generating unique operation named: listarUsingGET_1
2022-01-27 09:16:20.583  INFO 22676 --- [    Test worker] .d.s.w.r.o.CachingOperationNameGenerator : Generating unique operation named: listarUsingGET_2
2022-01-27 09:16:20.587  INFO 22676 --- [    Test worker] .d.s.w.r.o.CachingOperationNameGenerator : Generating unique operation named: listarUsingGET_3
2022-01-27 09:16:20.595  INFO 22676 --- [    Test worker] c.c.u.c.ConsultaControladorUsuarioTest   : Started ConsultaControladorUsuarioTest in 1.696 seconds (JVM running for 43.582)
2022-01-27 09:16:20.614  INFO 22676 --- [    Test worker] o.s.j.d.e.EmbeddedDatabaseFactory        : Shutting down embedded database: url='jdbc:h2:mem:testdb;DB_CLOSE_DELAY=-1;DB_CLOSE_ON_EXIT=false'
2022-01-27 09:16:20.820  INFO 22676 --- [    Test worker] com.zaxxer.hikari.HikariDataSource       : pool - Shutdown initiated...
2022-01-27 09:16:20.821  INFO 22676 --- [    Test worker] com.zaxxer.hikari.HikariDataSource       : pool - Shutdown completed.

  .   ____          _            __ _ _
 /\\ / ___'_ __ _ _(_)_ __  __ _ \ \ \ \
( ( )\___ | '_ | '_| | '_ \/ _` | \ \ \ \
 \\/  ___)| |_)| | | | | || (_| |  ) ) ) )
  '  |____| .__|_| |_|_| |_\__, | / / / /
 =========|_|==============|___/=/_/_/_/
 :: Spring Boot ::                (v2.5.3)

2022-01-27 09:16:20.865  INFO 22676 --- [    Test worker] c.c.u.c.ConsultaControladorUsuarioTest   : Starting ConsultaControladorUsuarioTest using Java 1.8.0_311 on CARLOS-RIASCO with PID 22676 (started by carlos.riascos in C:\Users\carlos.riascos\Desktop\ADN\java-arquitectura-hexagonal\microservicio\infraestructura)
2022-01-27 09:16:20.865  INFO 22676 --- [    Test worker] c.c.u.c.ConsultaControladorUsuarioTest   : No active profile set, falling back to default profiles: default
2022-01-27 09:16:21.276  INFO 22676 --- [    Test worker] com.zaxxer.hikari.HikariDataSource       : pool - Starting...
2022-01-27 09:16:21.279  INFO 22676 --- [    Test worker] com.zaxxer.hikari.HikariDataSource       : pool - Start completed.
2022-01-27 09:16:21.911  INFO 22676 --- [    Test worker] pertySourcedRequestMappingHandlerMapping : Mapped URL path [/v2/api-docs] onto method [springfox.documentation.swagger2.web.Swagger2Controller#getDocumentation(String, HttpServletRequest)]
2022-01-27 09:16:21.915  INFO 22676 --- [    Test worker] o.s.j.d.e.EmbeddedDatabaseFactory        : Starting embedded database: url='jdbc:h2:mem:testdb;DB_CLOSE_DELAY=-1;DB_CLOSE_ON_EXIT=false', username='sa'
2022-01-27 09:16:21.923  INFO 22676 --- [    Test worker] o.f.c.internal.database.DatabaseFactory  : Database: jdbc:h2:mem:testdb (H2 1.4)
2022-01-27 09:16:21.924  WARN 22676 --- [    Test worker] o.f.c.internal.database.base.Database    : Flyway upgrade recommended: H2 1.4.200 is newer than this version of Flyway and support has not been tested.
2022-01-27 09:16:21.939  INFO 22676 --- [    Test worker] o.f.core.internal.command.DbValidate     : Successfully validated 8 migrations (execution time 00:00.008s)
2022-01-27 09:16:21.944  INFO 22676 --- [    Test worker] o.f.c.i.s.JdbcTableSchemaHistory         : Creating Schema History table: "PUBLIC"."flyway_schema_history"
2022-01-27 09:16:21.953  INFO 22676 --- [    Test worker] o.f.core.internal.command.DbMigrate      : Current version of schema "PUBLIC": << Empty Schema >>
2022-01-27 09:16:21.954  INFO 22676 --- [    Test worker] o.f.core.internal.command.DbMigrate      : Migrating schema "PUBLIC" to version 1.0 - schema
2022-01-27 09:16:21.961  INFO 22676 --- [    Test worker] o.f.core.internal.command.DbMigrate      : Migrating schema "PUBLIC" to version 1.1 - schema persona
2022-01-27 09:16:21.968  INFO 22676 --- [    Test worker] o.f.core.internal.command.DbMigrate      : Migrating schema "PUBLIC" to version 1.1.1 - data
2022-01-27 09:16:21.974  INFO 22676 --- [    Test worker] o.f.core.internal.command.DbMigrate      : Migrating schema "PUBLIC" to version 1.1.2 - persona  data
2022-01-27 09:16:21.980  INFO 22676 --- [    Test worker] o.f.core.internal.command.DbMigrate      : Migrating schema "PUBLIC" to version 1.2 - schema prestamos
2022-01-27 09:16:21.988  INFO 22676 --- [    Test worker] o.f.core.internal.command.DbMigrate      : Migrating schema "PUBLIC" to version 1.2.1 - prestamos  data
2022-01-27 09:16:21.994  INFO 22676 --- [    Test worker] o.f.core.internal.command.DbMigrate      : Migrating schema "PUBLIC" to version 1.3 - schema abonos
2022-01-27 09:16:22.001  INFO 22676 --- [    Test worker] o.f.core.internal.command.DbMigrate      : Migrating schema "PUBLIC" to version 1.3.1 - abonos  data
2022-01-27 09:16:22.007  INFO 22676 --- [    Test worker] o.f.core.internal.command.DbMigrate      : Successfully applied 8 migrations to schema "PUBLIC" (execution time 00:00.063s)
2022-01-27 09:16:22.339  INFO 22676 --- [    Test worker] o.s.b.t.m.w.SpringBootMockServletContext : Initializing Spring TestDispatcherServlet ''
2022-01-27 09:16:22.340  INFO 22676 --- [    Test worker] o.s.t.web.servlet.TestDispatcherServlet  : Initializing Servlet ''
2022-01-27 09:16:22.340  INFO 22676 --- [    Test worker] o.s.t.web.servlet.TestDispatcherServlet  : Completed initialization in 0 ms
2022-01-27 09:16:22.359  INFO 22676 --- [    Test worker] d.s.w.p.DocumentationPluginsBootstrapper : Context refreshed
2022-01-27 09:16:22.359  INFO 22676 --- [    Test worker] d.s.w.p.DocumentationPluginsBootstrapper : Found 1 custom documentation plugin(s)
2022-01-27 09:16:22.371  INFO 22676 --- [    Test worker] s.d.s.w.s.ApiListingReferenceScanner     : Scanning for api listing references
2022-01-27 09:16:22.380  INFO 22676 --- [    Test worker] .d.s.w.r.o.CachingOperationNameGenerator : Generating unique operation named: crearUsingPOST_1
2022-01-27 09:16:22.383  INFO 22676 --- [    Test worker] .d.s.w.r.o.CachingOperationNameGenerator : Generating unique operation named: crearUsingPOST_2
2022-01-27 09:16:22.388  INFO 22676 --- [    Test worker] .d.s.w.r.o.CachingOperationNameGenerator : Generating unique operation named: crearUsingPOST_3
2022-01-27 09:16:22.397  INFO 22676 --- [    Test worker] .d.s.w.r.o.CachingOperationNameGenerator : Generating unique operation named: listarUsingGET_1
2022-01-27 09:16:22.401  INFO 22676 --- [    Test worker] .d.s.w.r.o.CachingOperationNameGenerator : Generating unique operation named: listarUsingGET_2
2022-01-27 09:16:22.404  INFO 22676 --- [    Test worker] .d.s.w.r.o.CachingOperationNameGenerator : Generating unique operation named: listarUsingGET_3
2022-01-27 09:16:22.410  INFO 22676 --- [    Test worker] c.c.u.c.ConsultaControladorUsuarioTest   : Started ConsultaControladorUsuarioTest in 1.585 seconds (JVM running for 45.397)
2022-01-27 09:16:22.429  INFO 22676 --- [    Test worker] o.s.j.d.e.EmbeddedDatabaseFactory        : Shutting down embedded database: url='jdbc:h2:mem:testdb;DB_CLOSE_DELAY=-1;DB_CLOSE_ON_EXIT=false'
2022-01-27 09:16:22.643  INFO 22676 --- [    Test worker] com.zaxxer.hikari.HikariDataSource       : pool - Shutdown initiated...
2022-01-27 09:16:22.644  INFO 22676 --- [    Test worker] com.zaxxer.hikari.HikariDataSource       : pool - Shutdown completed.

  .   ____          _            __ _ _
 /\\ / ___'_ __ _ _(_)_ __  __ _ \ \ \ \
( ( )\___ | '_ | '_| | '_ \/ _` | \ \ \ \
 \\/  ___)| |_)| | | | | || (_| |  ) ) ) )
  '  |____| .__|_| |_|_| |_\__, | / / / /
 =========|_|==============|___/=/_/_/_/
 :: Spring Boot ::                (v2.5.3)

2022-01-27 09:16:22.702  INFO 22676 --- [    Test worker] c.c.u.c.ConsultaControladorUsuarioTest   : Starting ConsultaControladorUsuarioTest using Java 1.8.0_311 on CARLOS-RIASCO with PID 22676 (started by carlos.riascos in C:\Users\carlos.riascos\Desktop\ADN\java-arquitectura-hexagonal\microservicio\infraestructura)
2022-01-27 09:16:22.703  INFO 22676 --- [    Test worker] c.c.u.c.ConsultaControladorUsuarioTest   : No active profile set, falling back to default profiles: default
2022-01-27 09:16:23.120  INFO 22676 --- [    Test worker] com.zaxxer.hikari.HikariDataSource       : pool - Starting...
2022-01-27 09:16:23.123  INFO 22676 --- [    Test worker] com.zaxxer.hikari.HikariDataSource       : pool - Start completed.
2022-01-27 09:16:23.820  INFO 22676 --- [    Test worker] pertySourcedRequestMappingHandlerMapping : Mapped URL path [/v2/api-docs] onto method [springfox.documentation.swagger2.web.Swagger2Controller#getDocumentation(String, HttpServletRequest)]
2022-01-27 09:16:23.825  INFO 22676 --- [    Test worker] o.s.j.d.e.EmbeddedDatabaseFactory        : Starting embedded database: url='jdbc:h2:mem:testdb;DB_CLOSE_DELAY=-1;DB_CLOSE_ON_EXIT=false', username='sa'
2022-01-27 09:16:23.834  INFO 22676 --- [    Test worker] o.f.c.internal.database.DatabaseFactory  : Database: jdbc:h2:mem:testdb (H2 1.4)
2022-01-27 09:16:23.835  WARN 22676 --- [    Test worker] o.f.c.internal.database.base.Database    : Flyway upgrade recommended: H2 1.4.200 is newer than this version of Flyway and support has not been tested.
2022-01-27 09:16:23.853  INFO 22676 --- [    Test worker] o.f.core.internal.command.DbValidate     : Successfully validated 8 migrations (execution time 00:00.009s)
2022-01-27 09:16:23.856  INFO 22676 --- [    Test worker] o.f.c.i.s.JdbcTableSchemaHistory         : Creating Schema History table: "PUBLIC"."flyway_schema_history"
2022-01-27 09:16:23.862  INFO 22676 --- [    Test worker] o.f.core.internal.command.DbMigrate      : Current version of schema "PUBLIC": << Empty Schema >>
2022-01-27 09:16:23.862  INFO 22676 --- [    Test worker] o.f.core.internal.command.DbMigrate      : Migrating schema "PUBLIC" to version 1.0 - schema
2022-01-27 09:16:23.868  INFO 22676 --- [    Test worker] o.f.core.internal.command.DbMigrate      : Migrating schema "PUBLIC" to version 1.1 - schema persona
2022-01-27 09:16:23.875  INFO 22676 --- [    Test worker] o.f.core.internal.command.DbMigrate      : Migrating schema "PUBLIC" to version 1.1.1 - data
2022-01-27 09:16:23.880  INFO 22676 --- [    Test worker] o.f.core.internal.command.DbMigrate      : Migrating schema "PUBLIC" to version 1.1.2 - persona  data
2022-01-27 09:16:23.885  INFO 22676 --- [    Test worker] o.f.core.internal.command.DbMigrate      : Migrating schema "PUBLIC" to version 1.2 - schema prestamos
2022-01-27 09:16:23.891  INFO 22676 --- [    Test worker] o.f.core.internal.command.DbMigrate      : Migrating schema "PUBLIC" to version 1.2.1 - prestamos  data
2022-01-27 09:16:23.898  INFO 22676 --- [    Test worker] o.f.core.internal.command.DbMigrate      : Migrating schema "PUBLIC" to version 1.3 - schema abonos
2022-01-27 09:16:23.904  INFO 22676 --- [    Test worker] o.f.core.internal.command.DbMigrate      : Migrating schema "PUBLIC" to version 1.3.1 - abonos  data
2022-01-27 09:16:23.911  INFO 22676 --- [    Test worker] o.f.core.internal.command.DbMigrate      : Successfully applied 8 migrations to schema "PUBLIC" (execution time 00:00.055s)
2022-01-27 09:16:24.350  INFO 22676 --- [    Test worker] o.s.b.t.m.w.SpringBootMockServletContext : Initializing Spring TestDispatcherServlet ''
2022-01-27 09:16:24.350  INFO 22676 --- [    Test worker] o.s.t.web.servlet.TestDispatcherServlet  : Initializing Servlet ''
2022-01-27 09:16:24.351  INFO 22676 --- [    Test worker] o.s.t.web.servlet.TestDispatcherServlet  : Completed initialization in 1 ms
2022-01-27 09:16:24.384  INFO 22676 --- [    Test worker] d.s.w.p.DocumentationPluginsBootstrapper : Context refreshed
2022-01-27 09:16:24.384  INFO 22676 --- [    Test worker] d.s.w.p.DocumentationPluginsBootstrapper : Found 1 custom documentation plugin(s)
2022-01-27 09:16:24.399  INFO 22676 --- [    Test worker] s.d.s.w.s.ApiListingReferenceScanner     : Scanning for api listing references
2022-01-27 09:16:24.414  INFO 22676 --- [    Test worker] .d.s.w.r.o.CachingOperationNameGenerator : Generating unique operation named: crearUsingPOST_1
2022-01-27 09:16:24.417  INFO 22676 --- [    Test worker] .d.s.w.r.o.CachingOperationNameGenerator : Generating unique operation named: crearUsingPOST_2
2022-01-27 09:16:24.422  INFO 22676 --- [    Test worker] .d.s.w.r.o.CachingOperationNameGenerator : Generating unique operation named: crearUsingPOST_3
2022-01-27 09:16:24.435  INFO 22676 --- [    Test worker] .d.s.w.r.o.CachingOperationNameGenerator : Generating unique operation named: listarUsingGET_1
2022-01-27 09:16:24.439  INFO 22676 --- [    Test worker] .d.s.w.r.o.CachingOperationNameGenerator : Generating unique operation named: listarUsingGET_2
2022-01-27 09:16:24.443  INFO 22676 --- [    Test worker] .d.s.w.r.o.CachingOperationNameGenerator : Generating unique operation named: listarUsingGET_3
2022-01-27 09:16:24.448  INFO 22676 --- [    Test worker] c.c.u.c.ConsultaControladorUsuarioTest   : Started ConsultaControladorUsuarioTest in 1.796 seconds (JVM running for 47.435)
2022-01-27 09:16:24.476  INFO 22676 --- [    Test worker] o.s.j.d.e.EmbeddedDatabaseFactory        : Shutting down embedded database: url='jdbc:h2:mem:testdb;DB_CLOSE_DELAY=-1;DB_CLOSE_ON_EXIT=false'
2022-01-27 09:16:24.689  INFO 22676 --- [    Test worker] com.zaxxer.hikari.HikariDataSource       : pool - Shutdown initiated...
2022-01-27 09:16:24.690  INFO 22676 --- [    Test worker] com.zaxxer.hikari.HikariDataSource       : pool - Shutdown completed.
]]></system-out>
  <system-err><![CDATA[]]></system-err>
</testsuite>
