<?xml version="1.0" encoding="UTF-8"?>
<testsuite name="com.ceiba.prestamo.controlador.ConsultaControladorPrestamoTest" tests="1" skipped="0" failures="0" errors="0" timestamp="2022-01-20T13:31:39" hostname="CARLOS-RIASCO" time="0.231">
  <properties/>
  <testcase name="Deberia listar prestamos" classname="com.ceiba.prestamo.controlador.ConsultaControladorPrestamoTest" time="0.231"/>
  <system-out><![CDATA[2022-01-20 08:31:37.880  INFO 22996 --- [    Test worker] o.s.t.c.support.AbstractContextLoader    : Could not detect default resource locations for test class [com.ceiba.prestamo.controlador.ConsultaControladorPrestamoTest]: no resource found for suffixes {-context.xml, Context.groovy}.
2022-01-20 08:31:37.888  INFO 22996 --- [    Test worker] .b.t.a.w.s.WebMvcTestContextBootstrapper : Loaded default TestExecutionListener class names from location [META-INF/spring.factories]: [org.springframework.boot.test.autoconfigure.restdocs.RestDocsTestExecutionListener, org.springframework.boot.test.autoconfigure.web.client.MockRestServiceServerResetTestExecutionListener, org.springframework.boot.test.autoconfigure.web.servlet.MockMvcPrintOnlyOnFailureTestExecutionListener, org.springframework.boot.test.autoconfigure.web.servlet.WebDriverTestExecutionListener, org.springframework.boot.test.autoconfigure.webservices.client.MockWebServiceServerTestExecutionListener, org.springframework.boot.test.mock.mockito.MockitoTestExecutionListener, org.springframework.boot.test.mock.mockito.ResetMocksTestExecutionListener, org.springframework.test.context.web.ServletTestExecutionListener, org.springframework.test.context.support.DirtiesContextBeforeModesTestExecutionListener, org.springframework.test.context.event.ApplicationEventsTestExecutionListener, org.springframework.test.context.support.DependencyInjectionTestExecutionListener, org.springframework.test.context.support.DirtiesContextTestExecutionListener, org.springframework.test.context.transaction.TransactionalTestExecutionListener, org.springframework.test.context.jdbc.SqlScriptsTestExecutionListener, org.springframework.test.context.event.EventPublishingTestExecutionListener]
2022-01-20 08:31:37.888  INFO 22996 --- [    Test worker] .b.t.a.w.s.WebMvcTestContextBootstrapper : Using TestExecutionListeners: [org.springframework.test.context.web.ServletTestExecutionListener@cd549db, org.springframework.test.context.support.DirtiesContextBeforeModesTestExecutionListener@7373c033, org.springframework.test.context.event.ApplicationEventsTestExecutionListener@5fb992a5, org.springframework.boot.test.mock.mockito.MockitoTestExecutionListener@6b9f00b9, org.springframework.boot.test.autoconfigure.SpringBootDependencyInjectionTestExecutionListener@4da20780, org.springframework.test.context.support.DirtiesContextTestExecutionListener@203d345f, org.springframework.test.context.transaction.TransactionalTestExecutionListener@3302a647, org.springframework.test.context.jdbc.SqlScriptsTestExecutionListener@200bf256, org.springframework.test.context.event.EventPublishingTestExecutionListener@7d487fd0, org.springframework.boot.test.autoconfigure.restdocs.RestDocsTestExecutionListener@341e23ea, org.springframework.boot.test.autoconfigure.web.client.MockRestServiceServerResetTestExecutionListener@12089bb0, org.springframework.boot.test.autoconfigure.web.servlet.MockMvcPrintOnlyOnFailureTestExecutionListener@6d6e52e5, org.springframework.boot.test.autoconfigure.web.servlet.WebDriverTestExecutionListener@53e61667, org.springframework.boot.test.autoconfigure.webservices.client.MockWebServiceServerTestExecutionListener@16a26e82, org.springframework.boot.test.mock.mockito.ResetMocksTestExecutionListener@40a1a2fd]

  .   ____          _            __ _ _
 /\\ / ___'_ __ _ _(_)_ __  __ _ \ \ \ \
( ( )\___ | '_ | '_| | '_ \/ _` | \ \ \ \
 \\/  ___)| |_)| | | | | || (_| |  ) ) ) )
  '  |____| .__|_| |_|_| |_\__, | / / / /
 =========|_|==============|___/=/_/_/_/
 :: Spring Boot ::                (v2.5.3)

2022-01-20 08:31:37.972  INFO 22996 --- [    Test worker] c.c.p.c.ConsultaControladorPrestamoTest  : Starting ConsultaControladorPrestamoTest using Java 1.8.0_311 on CARLOS-RIASCO with PID 22996 (started by carlos.riascos in C:\Users\carlos.riascos\Desktop\ADN\java-arquitectura-hexagonal\microservicio\infraestructura)
2022-01-20 08:31:37.974  INFO 22996 --- [    Test worker] c.c.p.c.ConsultaControladorPrestamoTest  : No active profile set, falling back to default profiles: default
2022-01-20 08:31:38.549  INFO 22996 --- [    Test worker] com.zaxxer.hikari.HikariDataSource       : pool - Starting...
2022-01-20 08:31:38.552  INFO 22996 --- [    Test worker] com.zaxxer.hikari.HikariDataSource       : pool - Start completed.
2022-01-20 08:31:39.412  INFO 22996 --- [    Test worker] pertySourcedRequestMappingHandlerMapping : Mapped URL path [/v2/api-docs] onto method [springfox.documentation.swagger2.web.Swagger2Controller#getDocumentation(String, HttpServletRequest)]
2022-01-20 08:31:39.417  INFO 22996 --- [    Test worker] o.s.j.d.e.EmbeddedDatabaseFactory        : Starting embedded database: url='jdbc:h2:mem:testdb;DB_CLOSE_DELAY=-1;DB_CLOSE_ON_EXIT=false', username='sa'
2022-01-20 08:31:39.425  INFO 22996 --- [    Test worker] o.f.c.internal.database.DatabaseFactory  : Database: jdbc:h2:mem:testdb (H2 1.4)
2022-01-20 08:31:39.427  WARN 22996 --- [    Test worker] o.f.c.internal.database.base.Database    : Flyway upgrade recommended: H2 1.4.200 is newer than this version of Flyway and support has not been tested.
2022-01-20 08:31:39.443  INFO 22996 --- [    Test worker] o.f.core.internal.command.DbValidate     : Successfully validated 8 migrations (execution time 00:00.007s)
2022-01-20 08:31:39.446  INFO 22996 --- [    Test worker] o.f.c.i.s.JdbcTableSchemaHistory         : Creating Schema History table: "PUBLIC"."flyway_schema_history"
2022-01-20 08:31:39.455  INFO 22996 --- [    Test worker] o.f.core.internal.command.DbMigrate      : Current version of schema "PUBLIC": << Empty Schema >>
2022-01-20 08:31:39.455  INFO 22996 --- [    Test worker] o.f.core.internal.command.DbMigrate      : Migrating schema "PUBLIC" to version 1.0 - schema
2022-01-20 08:31:39.461  INFO 22996 --- [    Test worker] o.f.core.internal.command.DbMigrate      : Migrating schema "PUBLIC" to version 1.1 - schema persona
2022-01-20 08:31:39.466  INFO 22996 --- [    Test worker] o.f.core.internal.command.DbMigrate      : Migrating schema "PUBLIC" to version 1.1.1 - data
2022-01-20 08:31:39.470  INFO 22996 --- [    Test worker] o.f.core.internal.command.DbMigrate      : Migrating schema "PUBLIC" to version 1.1.2 - persona  data
2022-01-20 08:31:39.477  INFO 22996 --- [    Test worker] o.f.core.internal.command.DbMigrate      : Migrating schema "PUBLIC" to version 1.2 - schema prestamos
2022-01-20 08:31:39.486  INFO 22996 --- [    Test worker] o.f.core.internal.command.DbMigrate      : Migrating schema "PUBLIC" to version 1.2.1 - prestamos  data
2022-01-20 08:31:39.493  INFO 22996 --- [    Test worker] o.f.core.internal.command.DbMigrate      : Migrating schema "PUBLIC" to version 1.3 - schema abonos
2022-01-20 08:31:39.502  INFO 22996 --- [    Test worker] o.f.core.internal.command.DbMigrate      : Migrating schema "PUBLIC" to version 1.3.1 - abonos  data
2022-01-20 08:31:39.509  INFO 22996 --- [    Test worker] o.f.core.internal.command.DbMigrate      : Successfully applied 8 migrations to schema "PUBLIC" (execution time 00:00.064s)
2022-01-20 08:31:39.860  INFO 22996 --- [    Test worker] o.s.b.t.m.w.SpringBootMockServletContext : Initializing Spring TestDispatcherServlet ''
2022-01-20 08:31:39.860  INFO 22996 --- [    Test worker] o.s.t.web.servlet.TestDispatcherServlet  : Initializing Servlet ''
2022-01-20 08:31:39.861  INFO 22996 --- [    Test worker] o.s.t.web.servlet.TestDispatcherServlet  : Completed initialization in 1 ms
2022-01-20 08:31:39.884  INFO 22996 --- [    Test worker] d.s.w.p.DocumentationPluginsBootstrapper : Context refreshed
2022-01-20 08:31:39.884  INFO 22996 --- [    Test worker] d.s.w.p.DocumentationPluginsBootstrapper : Found 1 custom documentation plugin(s)
2022-01-20 08:31:39.899  INFO 22996 --- [    Test worker] s.d.s.w.s.ApiListingReferenceScanner     : Scanning for api listing references
2022-01-20 08:31:39.916  INFO 22996 --- [    Test worker] .d.s.w.r.o.CachingOperationNameGenerator : Generating unique operation named: crearUsingPOST_1
2022-01-20 08:31:39.923  INFO 22996 --- [    Test worker] .d.s.w.r.o.CachingOperationNameGenerator : Generating unique operation named: crearUsingPOST_2
2022-01-20 08:31:39.933  INFO 22996 --- [    Test worker] .d.s.w.r.o.CachingOperationNameGenerator : Generating unique operation named: crearUsingPOST_3
2022-01-20 08:31:39.951  INFO 22996 --- [    Test worker] .d.s.w.r.o.CachingOperationNameGenerator : Generating unique operation named: listarUsingGET_1
2022-01-20 08:31:39.954  INFO 22996 --- [    Test worker] .d.s.w.r.o.CachingOperationNameGenerator : Generating unique operation named: listarUsingGET_2
2022-01-20 08:31:39.959  INFO 22996 --- [    Test worker] .d.s.w.r.o.CachingOperationNameGenerator : Generating unique operation named: listarUsingGET_3
2022-01-20 08:31:39.965  INFO 22996 --- [    Test worker] c.c.p.c.ConsultaControladorPrestamoTest  : Started ConsultaControladorPrestamoTest in 2.069 seconds (JVM running for 39.87)
2022-01-20 08:31:39.987  INFO 22996 --- [    Test worker] o.s.j.d.e.EmbeddedDatabaseFactory        : Shutting down embedded database: url='jdbc:h2:mem:testdb;DB_CLOSE_DELAY=-1;DB_CLOSE_ON_EXIT=false'
2022-01-20 08:31:40.199  INFO 22996 --- [    Test worker] com.zaxxer.hikari.HikariDataSource       : pool - Shutdown initiated...
2022-01-20 08:31:40.201  INFO 22996 --- [    Test worker] com.zaxxer.hikari.HikariDataSource       : pool - Shutdown completed.
]]></system-out>
  <system-err><![CDATA[]]></system-err>
</testsuite>
