<?xml version="1.0" encoding="UTF-8"?>
<testsuite name="com.ceiba.abono.controlador.ConsultaControladorAbonoTest" tests="2" skipped="0" failures="0" errors="0" timestamp="2022-01-17T12:25:33" hostname="CARLOS-RIASCO" time="3.019">
  <properties/>
  <testcase name="Deberia listar abonos con prestamo" classname="com.ceiba.abono.controlador.ConsultaControladorAbonoTest" time="0.68"/>
  <testcase name="Deberia listar abonos" classname="com.ceiba.abono.controlador.ConsultaControladorAbonoTest" time="0.239"/>
  <system-out><![CDATA[2022-01-17 07:25:31.078  INFO 14724 --- [    Test worker] o.s.t.c.support.AbstractContextLoader    : Could not detect default resource locations for test class [com.ceiba.abono.controlador.ConsultaControladorAbonoTest]: no resource found for suffixes {-context.xml, Context.groovy}.
2022-01-17 07:25:31.093  INFO 14724 --- [    Test worker] .b.t.a.w.s.WebMvcTestContextBootstrapper : Loaded default TestExecutionListener class names from location [META-INF/spring.factories]: [org.springframework.boot.test.autoconfigure.restdocs.RestDocsTestExecutionListener, org.springframework.boot.test.autoconfigure.web.client.MockRestServiceServerResetTestExecutionListener, org.springframework.boot.test.autoconfigure.web.servlet.MockMvcPrintOnlyOnFailureTestExecutionListener, org.springframework.boot.test.autoconfigure.web.servlet.WebDriverTestExecutionListener, org.springframework.boot.test.autoconfigure.webservices.client.MockWebServiceServerTestExecutionListener, org.springframework.boot.test.mock.mockito.MockitoTestExecutionListener, org.springframework.boot.test.mock.mockito.ResetMocksTestExecutionListener, org.springframework.test.context.web.ServletTestExecutionListener, org.springframework.test.context.support.DirtiesContextBeforeModesTestExecutionListener, org.springframework.test.context.event.ApplicationEventsTestExecutionListener, org.springframework.test.context.support.DependencyInjectionTestExecutionListener, org.springframework.test.context.support.DirtiesContextTestExecutionListener, org.springframework.test.context.transaction.TransactionalTestExecutionListener, org.springframework.test.context.jdbc.SqlScriptsTestExecutionListener, org.springframework.test.context.event.EventPublishingTestExecutionListener]
2022-01-17 07:25:31.095  INFO 14724 --- [    Test worker] .b.t.a.w.s.WebMvcTestContextBootstrapper : Using TestExecutionListeners: [org.springframework.test.context.web.ServletTestExecutionListener@3a6ce461, org.springframework.test.context.support.DirtiesContextBeforeModesTestExecutionListener@373f9623, org.springframework.test.context.event.ApplicationEventsTestExecutionListener@1ebd4dc8, org.springframework.boot.test.mock.mockito.MockitoTestExecutionListener@41ebc752, org.springframework.boot.test.autoconfigure.SpringBootDependencyInjectionTestExecutionListener@1c796ce2, org.springframework.test.context.support.DirtiesContextTestExecutionListener@57bc7fc0, org.springframework.test.context.transaction.TransactionalTestExecutionListener@231bbbf2, org.springframework.test.context.jdbc.SqlScriptsTestExecutionListener@3cd52994, org.springframework.test.context.event.EventPublishingTestExecutionListener@6b9c5c90, org.springframework.boot.test.autoconfigure.restdocs.RestDocsTestExecutionListener@5fea7c5c, org.springframework.boot.test.autoconfigure.web.client.MockRestServiceServerResetTestExecutionListener@21508878, org.springframework.boot.test.autoconfigure.web.servlet.MockMvcPrintOnlyOnFailureTestExecutionListener@34dc8c4f, org.springframework.boot.test.autoconfigure.web.servlet.WebDriverTestExecutionListener@3dad3e98, org.springframework.boot.test.autoconfigure.webservices.client.MockWebServiceServerTestExecutionListener@3129bded, org.springframework.boot.test.mock.mockito.ResetMocksTestExecutionListener@141fe0f8]

  .   ____          _            __ _ _
 /\\ / ___'_ __ _ _(_)_ __  __ _ \ \ \ \
( ( )\___ | '_ | '_| | '_ \/ _` | \ \ \ \
 \\/  ___)| |_)| | | | | || (_| |  ) ) ) )
  '  |____| .__|_| |_|_| |_\__, | / / / /
 =========|_|==============|___/=/_/_/_/
 :: Spring Boot ::                (v2.5.3)

2022-01-17 07:25:31.196  INFO 14724 --- [    Test worker] c.c.a.c.ConsultaControladorAbonoTest     : Starting ConsultaControladorAbonoTest using Java 1.8.0_311 on CARLOS-RIASCO with PID 14724 (started by carlos.riascos in C:\Users\carlos.riascos\Desktop\ADN\java-arquitectura-hexagonal\microservicio\infraestructura)
2022-01-17 07:25:31.198  INFO 14724 --- [    Test worker] c.c.a.c.ConsultaControladorAbonoTest     : No active profile set, falling back to default profiles: default
2022-01-17 07:25:31.805  INFO 14724 --- [    Test worker] com.zaxxer.hikari.HikariDataSource       : pool - Starting...
2022-01-17 07:25:31.809  INFO 14724 --- [    Test worker] com.zaxxer.hikari.HikariDataSource       : pool - Start completed.
2022-01-17 07:25:32.770  INFO 14724 --- [    Test worker] pertySourcedRequestMappingHandlerMapping : Mapped URL path [/v2/api-docs] onto method [springfox.documentation.swagger2.web.Swagger2Controller#getDocumentation(String, HttpServletRequest)]
2022-01-17 07:25:32.775  INFO 14724 --- [    Test worker] o.s.j.d.e.EmbeddedDatabaseFactory        : Starting embedded database: url='jdbc:h2:mem:testdb;DB_CLOSE_DELAY=-1;DB_CLOSE_ON_EXIT=false', username='sa'
2022-01-17 07:25:32.786  INFO 14724 --- [    Test worker] o.f.c.internal.database.DatabaseFactory  : Database: jdbc:h2:mem:testdb (H2 1.4)
2022-01-17 07:25:32.788  WARN 14724 --- [    Test worker] o.f.c.internal.database.base.Database    : Flyway upgrade recommended: H2 1.4.200 is newer than this version of Flyway and support has not been tested.
2022-01-17 07:25:32.823  INFO 14724 --- [    Test worker] o.f.core.internal.command.DbValidate     : Successfully validated 8 migrations (execution time 00:00.018s)
2022-01-17 07:25:32.833  INFO 14724 --- [    Test worker] o.f.c.i.s.JdbcTableSchemaHistory         : Creating Schema History table: "PUBLIC"."flyway_schema_history"
2022-01-17 07:25:32.853  INFO 14724 --- [    Test worker] o.f.core.internal.command.DbMigrate      : Current version of schema "PUBLIC": << Empty Schema >>
2022-01-17 07:25:32.854  INFO 14724 --- [    Test worker] o.f.core.internal.command.DbMigrate      : Migrating schema "PUBLIC" to version 1.0 - schema
2022-01-17 07:25:32.872  INFO 14724 --- [    Test worker] o.f.core.internal.command.DbMigrate      : Migrating schema "PUBLIC" to version 1.1 - schema persona
2022-01-17 07:25:32.889  INFO 14724 --- [    Test worker] o.f.core.internal.command.DbMigrate      : Migrating schema "PUBLIC" to version 1.1.1 - data
2022-01-17 07:25:32.905  INFO 14724 --- [    Test worker] o.f.core.internal.command.DbMigrate      : Migrating schema "PUBLIC" to version 1.1.2 - persona  data
2022-01-17 07:25:32.921  INFO 14724 --- [    Test worker] o.f.core.internal.command.DbMigrate      : Migrating schema "PUBLIC" to version 1.2 - schema prestamos
2022-01-17 07:25:32.941  INFO 14724 --- [    Test worker] o.f.core.internal.command.DbMigrate      : Migrating schema "PUBLIC" to version 1.2.1 - prestamos  data
2022-01-17 07:25:32.956  INFO 14724 --- [    Test worker] o.f.core.internal.command.DbMigrate      : Migrating schema "PUBLIC" to version 1.3 - schema abonos
2022-01-17 07:25:32.976  INFO 14724 --- [    Test worker] o.f.core.internal.command.DbMigrate      : Migrating schema "PUBLIC" to version 1.3.1 - abonos  data
2022-01-17 07:25:32.992  INFO 14724 --- [    Test worker] o.f.core.internal.command.DbMigrate      : Successfully applied 8 migrations to schema "PUBLIC" (execution time 00:00.161s)
2022-01-17 07:25:33.401  INFO 14724 --- [    Test worker] o.s.b.t.m.w.SpringBootMockServletContext : Initializing Spring TestDispatcherServlet ''
2022-01-17 07:25:33.401  INFO 14724 --- [    Test worker] o.s.t.web.servlet.TestDispatcherServlet  : Initializing Servlet ''
2022-01-17 07:25:33.402  INFO 14724 --- [    Test worker] o.s.t.web.servlet.TestDispatcherServlet  : Completed initialization in 1 ms
2022-01-17 07:25:33.436  INFO 14724 --- [    Test worker] d.s.w.p.DocumentationPluginsBootstrapper : Context refreshed
2022-01-17 07:25:33.437  INFO 14724 --- [    Test worker] d.s.w.p.DocumentationPluginsBootstrapper : Found 1 custom documentation plugin(s)
2022-01-17 07:25:33.455  INFO 14724 --- [    Test worker] s.d.s.w.s.ApiListingReferenceScanner     : Scanning for api listing references
2022-01-17 07:25:33.474  INFO 14724 --- [    Test worker] .d.s.w.r.o.CachingOperationNameGenerator : Generating unique operation named: crearUsingPOST_1
2022-01-17 07:25:33.480  INFO 14724 --- [    Test worker] .d.s.w.r.o.CachingOperationNameGenerator : Generating unique operation named: crearUsingPOST_2
2022-01-17 07:25:33.491  INFO 14724 --- [    Test worker] .d.s.w.r.o.CachingOperationNameGenerator : Generating unique operation named: crearUsingPOST_3
2022-01-17 07:25:33.510  INFO 14724 --- [    Test worker] .d.s.w.r.o.CachingOperationNameGenerator : Generating unique operation named: listarUsingGET_1
2022-01-17 07:25:33.518  INFO 14724 --- [    Test worker] .d.s.w.r.o.CachingOperationNameGenerator : Generating unique operation named: listarUsingGET_2
2022-01-17 07:25:33.527  INFO 14724 --- [    Test worker] .d.s.w.r.o.CachingOperationNameGenerator : Generating unique operation named: listarUsingGET_3
2022-01-17 07:25:33.539  INFO 14724 --- [    Test worker] c.c.a.c.ConsultaControladorAbonoTest     : Started ConsultaControladorAbonoTest in 2.435 seconds (JVM running for 17.086)
2022-01-17 07:25:34.006  INFO 14724 --- [    Test worker] o.s.j.d.e.EmbeddedDatabaseFactory        : Shutting down embedded database: url='jdbc:h2:mem:testdb;DB_CLOSE_DELAY=-1;DB_CLOSE_ON_EXIT=false'
2022-01-17 07:25:34.223  INFO 14724 --- [    Test worker] com.zaxxer.hikari.HikariDataSource       : pool - Shutdown initiated...
2022-01-17 07:25:34.226  INFO 14724 --- [    Test worker] com.zaxxer.hikari.HikariDataSource       : pool - Shutdown completed.

  .   ____          _            __ _ _
 /\\ / ___'_ __ _ _(_)_ __  __ _ \ \ \ \
( ( )\___ | '_ | '_| | '_ \/ _` | \ \ \ \
 \\/  ___)| |_)| | | | | || (_| |  ) ) ) )
  '  |____| .__|_| |_|_| |_\__, | / / / /
 =========|_|==============|___/=/_/_/_/
 :: Spring Boot ::                (v2.5.3)

2022-01-17 07:25:34.300  INFO 14724 --- [    Test worker] c.c.a.c.ConsultaControladorAbonoTest     : Starting ConsultaControladorAbonoTest using Java 1.8.0_311 on CARLOS-RIASCO with PID 14724 (started by carlos.riascos in C:\Users\carlos.riascos\Desktop\ADN\java-arquitectura-hexagonal\microservicio\infraestructura)
2022-01-17 07:25:34.302  INFO 14724 --- [    Test worker] c.c.a.c.ConsultaControladorAbonoTest     : No active profile set, falling back to default profiles: default
2022-01-17 07:25:34.843  INFO 14724 --- [    Test worker] com.zaxxer.hikari.HikariDataSource       : pool - Starting...
2022-01-17 07:25:34.847  INFO 14724 --- [    Test worker] com.zaxxer.hikari.HikariDataSource       : pool - Start completed.
2022-01-17 07:25:35.632  INFO 14724 --- [    Test worker] pertySourcedRequestMappingHandlerMapping : Mapped URL path [/v2/api-docs] onto method [springfox.documentation.swagger2.web.Swagger2Controller#getDocumentation(String, HttpServletRequest)]
2022-01-17 07:25:35.638  INFO 14724 --- [    Test worker] o.s.j.d.e.EmbeddedDatabaseFactory        : Starting embedded database: url='jdbc:h2:mem:testdb;DB_CLOSE_DELAY=-1;DB_CLOSE_ON_EXIT=false', username='sa'
2022-01-17 07:25:35.649  INFO 14724 --- [    Test worker] o.f.c.internal.database.DatabaseFactory  : Database: jdbc:h2:mem:testdb (H2 1.4)
2022-01-17 07:25:35.651  WARN 14724 --- [    Test worker] o.f.c.internal.database.base.Database    : Flyway upgrade recommended: H2 1.4.200 is newer than this version of Flyway and support has not been tested.
2022-01-17 07:25:35.683  INFO 14724 --- [    Test worker] o.f.core.internal.command.DbValidate     : Successfully validated 8 migrations (execution time 00:00.016s)
2022-01-17 07:25:35.691  INFO 14724 --- [    Test worker] o.f.c.i.s.JdbcTableSchemaHistory         : Creating Schema History table: "PUBLIC"."flyway_schema_history"
2022-01-17 07:25:35.707  INFO 14724 --- [    Test worker] o.f.core.internal.command.DbMigrate      : Current version of schema "PUBLIC": << Empty Schema >>
2022-01-17 07:25:35.707  INFO 14724 --- [    Test worker] o.f.core.internal.command.DbMigrate      : Migrating schema "PUBLIC" to version 1.0 - schema
2022-01-17 07:25:35.721  INFO 14724 --- [    Test worker] o.f.core.internal.command.DbMigrate      : Migrating schema "PUBLIC" to version 1.1 - schema persona
2022-01-17 07:25:35.735  INFO 14724 --- [    Test worker] o.f.core.internal.command.DbMigrate      : Migrating schema "PUBLIC" to version 1.1.1 - data
2022-01-17 07:25:35.747  INFO 14724 --- [    Test worker] o.f.core.internal.command.DbMigrate      : Migrating schema "PUBLIC" to version 1.1.2 - persona  data
2022-01-17 07:25:35.755  INFO 14724 --- [    Test worker] o.f.core.internal.command.DbMigrate      : Migrating schema "PUBLIC" to version 1.2 - schema prestamos
2022-01-17 07:25:35.769  INFO 14724 --- [    Test worker] o.f.core.internal.command.DbMigrate      : Migrating schema "PUBLIC" to version 1.2.1 - prestamos  data
2022-01-17 07:25:35.782  INFO 14724 --- [    Test worker] o.f.core.internal.command.DbMigrate      : Migrating schema "PUBLIC" to version 1.3 - schema abonos
2022-01-17 07:25:35.797  INFO 14724 --- [    Test worker] o.f.core.internal.command.DbMigrate      : Migrating schema "PUBLIC" to version 1.3.1 - abonos  data
2022-01-17 07:25:35.811  INFO 14724 --- [    Test worker] o.f.core.internal.command.DbMigrate      : Successfully applied 8 migrations to schema "PUBLIC" (execution time 00:00.121s)
2022-01-17 07:25:36.204  INFO 14724 --- [    Test worker] o.s.b.t.m.w.SpringBootMockServletContext : Initializing Spring TestDispatcherServlet ''
2022-01-17 07:25:36.204  INFO 14724 --- [    Test worker] o.s.t.web.servlet.TestDispatcherServlet  : Initializing Servlet ''
2022-01-17 07:25:36.205  INFO 14724 --- [    Test worker] o.s.t.web.servlet.TestDispatcherServlet  : Completed initialization in 1 ms
2022-01-17 07:25:36.229  INFO 14724 --- [    Test worker] d.s.w.p.DocumentationPluginsBootstrapper : Context refreshed
2022-01-17 07:25:36.230  INFO 14724 --- [    Test worker] d.s.w.p.DocumentationPluginsBootstrapper : Found 1 custom documentation plugin(s)
2022-01-17 07:25:36.248  INFO 14724 --- [    Test worker] s.d.s.w.s.ApiListingReferenceScanner     : Scanning for api listing references
2022-01-17 07:25:36.265  INFO 14724 --- [    Test worker] .d.s.w.r.o.CachingOperationNameGenerator : Generating unique operation named: crearUsingPOST_1
2022-01-17 07:25:36.273  INFO 14724 --- [    Test worker] .d.s.w.r.o.CachingOperationNameGenerator : Generating unique operation named: crearUsingPOST_2
2022-01-17 07:25:36.287  INFO 14724 --- [    Test worker] .d.s.w.r.o.CachingOperationNameGenerator : Generating unique operation named: crearUsingPOST_3
2022-01-17 07:25:36.304  INFO 14724 --- [    Test worker] .d.s.w.r.o.CachingOperationNameGenerator : Generating unique operation named: listarUsingGET_1
2022-01-17 07:25:36.309  INFO 14724 --- [    Test worker] .d.s.w.r.o.CachingOperationNameGenerator : Generating unique operation named: listarUsingGET_2
2022-01-17 07:25:36.314  INFO 14724 --- [    Test worker] .d.s.w.r.o.CachingOperationNameGenerator : Generating unique operation named: listarUsingGET_3
2022-01-17 07:25:36.321  INFO 14724 --- [    Test worker] c.c.a.c.ConsultaControladorAbonoTest     : Started ConsultaControladorAbonoTest in 2.09 seconds (JVM running for 19.869)
2022-01-17 07:25:36.348  INFO 14724 --- [    Test worker] o.s.j.d.e.EmbeddedDatabaseFactory        : Shutting down embedded database: url='jdbc:h2:mem:testdb;DB_CLOSE_DELAY=-1;DB_CLOSE_ON_EXIT=false'
2022-01-17 07:25:36.557  INFO 14724 --- [    Test worker] com.zaxxer.hikari.HikariDataSource       : pool - Shutdown initiated...
2022-01-17 07:25:36.564  INFO 14724 --- [    Test worker] com.zaxxer.hikari.HikariDataSource       : pool - Shutdown completed.
]]></system-out>
  <system-err><![CDATA[]]></system-err>
</testsuite>
