<?xml version="1.0" encoding="UTF-8"?>
<testsuite name="com.ceiba.usuario.controlador.ConsultaControladorUsuarioTest" tests="1" skipped="0" failures="0" errors="0" timestamp="2022-01-13T17:40:38" hostname="CARLOS-RIASCO" time="0.241">
  <properties/>
  <testcase name="Deberia listar usuarios" classname="com.ceiba.usuario.controlador.ConsultaControladorUsuarioTest" time="0.241"/>
  <system-out><![CDATA[2022-01-13 12:40:35.918  INFO 19856 --- [    Test worker] o.s.t.c.support.AbstractContextLoader    : Could not detect default resource locations for test class [com.ceiba.usuario.controlador.ConsultaControladorUsuarioTest]: no resource found for suffixes {-context.xml, Context.groovy}.
2022-01-13 12:40:35.925  INFO 19856 --- [    Test worker] .b.t.a.w.s.WebMvcTestContextBootstrapper : Loaded default TestExecutionListener class names from location [META-INF/spring.factories]: [org.springframework.boot.test.autoconfigure.restdocs.RestDocsTestExecutionListener, org.springframework.boot.test.autoconfigure.web.client.MockRestServiceServerResetTestExecutionListener, org.springframework.boot.test.autoconfigure.web.servlet.MockMvcPrintOnlyOnFailureTestExecutionListener, org.springframework.boot.test.autoconfigure.web.servlet.WebDriverTestExecutionListener, org.springframework.boot.test.autoconfigure.webservices.client.MockWebServiceServerTestExecutionListener, org.springframework.boot.test.mock.mockito.MockitoTestExecutionListener, org.springframework.boot.test.mock.mockito.ResetMocksTestExecutionListener, org.springframework.test.context.web.ServletTestExecutionListener, org.springframework.test.context.support.DirtiesContextBeforeModesTestExecutionListener, org.springframework.test.context.event.ApplicationEventsTestExecutionListener, org.springframework.test.context.support.DependencyInjectionTestExecutionListener, org.springframework.test.context.support.DirtiesContextTestExecutionListener, org.springframework.test.context.transaction.TransactionalTestExecutionListener, org.springframework.test.context.jdbc.SqlScriptsTestExecutionListener, org.springframework.test.context.event.EventPublishingTestExecutionListener]
2022-01-13 12:40:35.926  INFO 19856 --- [    Test worker] .b.t.a.w.s.WebMvcTestContextBootstrapper : Using TestExecutionListeners: [org.springframework.test.context.web.ServletTestExecutionListener@7d05e711, org.springframework.test.context.support.DirtiesContextBeforeModesTestExecutionListener@5f245a29, org.springframework.test.context.event.ApplicationEventsTestExecutionListener@7d50c4e8, org.springframework.boot.test.mock.mockito.MockitoTestExecutionListener@206e8c36, org.springframework.boot.test.autoconfigure.SpringBootDependencyInjectionTestExecutionListener@7281da45, org.springframework.test.context.support.DirtiesContextTestExecutionListener@f09232e, org.springframework.test.context.transaction.TransactionalTestExecutionListener@7485c1a3, org.springframework.test.context.jdbc.SqlScriptsTestExecutionListener@20defc39, org.springframework.test.context.event.EventPublishingTestExecutionListener@5c715995, org.springframework.boot.test.autoconfigure.restdocs.RestDocsTestExecutionListener@1aa70166, org.springframework.boot.test.autoconfigure.web.client.MockRestServiceServerResetTestExecutionListener@40755348, org.springframework.boot.test.autoconfigure.web.servlet.MockMvcPrintOnlyOnFailureTestExecutionListener@179d504b, org.springframework.boot.test.autoconfigure.web.servlet.WebDriverTestExecutionListener@41760edc, org.springframework.boot.test.autoconfigure.webservices.client.MockWebServiceServerTestExecutionListener@63f88ba5, org.springframework.boot.test.mock.mockito.ResetMocksTestExecutionListener@9fd6b81]

  .   ____          _            __ _ _
 /\\ / ___'_ __ _ _(_)_ __  __ _ \ \ \ \
( ( )\___ | '_ | '_| | '_ \/ _` | \ \ \ \
 \\/  ___)| |_)| | | | | || (_| |  ) ) ) )
  '  |____| .__|_| |_|_| |_\__, | / / / /
 =========|_|==============|___/=/_/_/_/
 :: Spring Boot ::                (v2.5.3)

2022-01-13 12:40:36.003  INFO 19856 --- [    Test worker] c.c.u.c.ConsultaControladorUsuarioTest   : Starting ConsultaControladorUsuarioTest using Java 1.8.0_311 on CARLOS-RIASCO with PID 19856 (started by carlos.riascos in C:\Users\carlos.riascos\Desktop\ADN\java-arquitectura-hexagonal\microservicio\infraestructura)
2022-01-13 12:40:36.005  INFO 19856 --- [    Test worker] c.c.u.c.ConsultaControladorUsuarioTest   : No active profile set, falling back to default profiles: default
2022-01-13 12:40:36.596  INFO 19856 --- [    Test worker] com.zaxxer.hikari.HikariDataSource       : pool - Starting...
2022-01-13 12:40:36.600  INFO 19856 --- [    Test worker] com.zaxxer.hikari.HikariDataSource       : pool - Start completed.
2022-01-13 12:40:37.463  INFO 19856 --- [    Test worker] pertySourcedRequestMappingHandlerMapping : Mapped URL path [/v2/api-docs] onto method [springfox.documentation.swagger2.web.Swagger2Controller#getDocumentation(String, HttpServletRequest)]
2022-01-13 12:40:37.468  INFO 19856 --- [    Test worker] o.s.j.d.e.EmbeddedDatabaseFactory        : Starting embedded database: url='jdbc:h2:mem:testdb;DB_CLOSE_DELAY=-1;DB_CLOSE_ON_EXIT=false', username='sa'
2022-01-13 12:40:37.482  INFO 19856 --- [    Test worker] o.f.c.internal.database.DatabaseFactory  : Database: jdbc:h2:mem:testdb (H2 1.4)
2022-01-13 12:40:37.485  WARN 19856 --- [    Test worker] o.f.c.internal.database.base.Database    : Flyway upgrade recommended: H2 1.4.200 is newer than this version of Flyway and support has not been tested.
2022-01-13 12:40:37.511  INFO 19856 --- [    Test worker] o.f.core.internal.command.DbValidate     : Successfully validated 6 migrations (execution time 00:00.011s)
2022-01-13 12:40:37.518  INFO 19856 --- [    Test worker] o.f.c.i.s.JdbcTableSchemaHistory         : Creating Schema History table: "PUBLIC"."flyway_schema_history"
2022-01-13 12:40:37.532  INFO 19856 --- [    Test worker] o.f.core.internal.command.DbMigrate      : Current version of schema "PUBLIC": << Empty Schema >>
2022-01-13 12:40:37.532  INFO 19856 --- [    Test worker] o.f.core.internal.command.DbMigrate      : Migrating schema "PUBLIC" to version 1.0 - schema
2022-01-13 12:40:37.545  INFO 19856 --- [    Test worker] o.f.core.internal.command.DbMigrate      : Migrating schema "PUBLIC" to version 1.1 - schema persona
2022-01-13 12:40:37.557  INFO 19856 --- [    Test worker] o.f.core.internal.command.DbMigrate      : Migrating schema "PUBLIC" to version 1.1.1 - data
2022-01-13 12:40:37.566  INFO 19856 --- [    Test worker] o.f.core.internal.command.DbMigrate      : Migrating schema "PUBLIC" to version 1.1.2 - persona  data
2022-01-13 12:40:37.574  INFO 19856 --- [    Test worker] o.f.core.internal.command.DbMigrate      : Migrating schema "PUBLIC" to version 1.2 - schema prestamos
2022-01-13 12:40:37.588  INFO 19856 --- [    Test worker] o.f.core.internal.command.DbMigrate      : Migrating schema "PUBLIC" to version 1.3 - schema abonos
2022-01-13 12:40:37.603  INFO 19856 --- [    Test worker] o.f.core.internal.command.DbMigrate      : Successfully applied 6 migrations to schema "PUBLIC" (execution time 00:00.086s)
2022-01-13 12:40:38.183  INFO 19856 --- [    Test worker] o.s.b.t.m.w.SpringBootMockServletContext : Initializing Spring TestDispatcherServlet ''
2022-01-13 12:40:38.183  INFO 19856 --- [    Test worker] o.s.t.web.servlet.TestDispatcherServlet  : Initializing Servlet ''
2022-01-13 12:40:38.185  INFO 19856 --- [    Test worker] o.s.t.web.servlet.TestDispatcherServlet  : Completed initialization in 2 ms
2022-01-13 12:40:38.223  INFO 19856 --- [    Test worker] d.s.w.p.DocumentationPluginsBootstrapper : Context refreshed
2022-01-13 12:40:38.225  INFO 19856 --- [    Test worker] d.s.w.p.DocumentationPluginsBootstrapper : Found 1 custom documentation plugin(s)
2022-01-13 12:40:38.251  INFO 19856 --- [    Test worker] s.d.s.w.s.ApiListingReferenceScanner     : Scanning for api listing references
2022-01-13 12:40:38.281  INFO 19856 --- [    Test worker] .d.s.w.r.o.CachingOperationNameGenerator : Generating unique operation named: crearUsingPOST_1
2022-01-13 12:40:38.302  INFO 19856 --- [    Test worker] .d.s.w.r.o.CachingOperationNameGenerator : Generating unique operation named: crearUsingPOST_2
2022-01-13 12:40:38.311  INFO 19856 --- [    Test worker] .d.s.w.r.o.CachingOperationNameGenerator : Generating unique operation named: actualizarUsingPUT_1
2022-01-13 12:40:38.317  INFO 19856 --- [    Test worker] .d.s.w.r.o.CachingOperationNameGenerator : Generating unique operation named: crearUsingPOST_3
2022-01-13 12:40:38.348  INFO 19856 --- [    Test worker] .d.s.w.r.o.CachingOperationNameGenerator : Generating unique operation named: listarUsingGET_1
2022-01-13 12:40:38.357  INFO 19856 --- [    Test worker] .d.s.w.r.o.CachingOperationNameGenerator : Generating unique operation named: listarUsingGET_2
2022-01-13 12:40:38.365  INFO 19856 --- [    Test worker] .d.s.w.r.o.CachingOperationNameGenerator : Generating unique operation named: listarUsingGET_3
2022-01-13 12:40:38.380  INFO 19856 --- [    Test worker] c.c.u.c.ConsultaControladorUsuarioTest   : Started ConsultaControladorUsuarioTest in 2.45 seconds (JVM running for 21.925)
2022-01-13 12:40:38.435  INFO 19856 --- [    Test worker] o.s.j.d.e.EmbeddedDatabaseFactory        : Shutting down embedded database: url='jdbc:h2:mem:testdb;DB_CLOSE_DELAY=-1;DB_CLOSE_ON_EXIT=false'
2022-01-13 12:40:38.643  INFO 19856 --- [    Test worker] com.zaxxer.hikari.HikariDataSource       : pool - Shutdown initiated...
2022-01-13 12:40:38.646  INFO 19856 --- [    Test worker] com.zaxxer.hikari.HikariDataSource       : pool - Shutdown completed.
]]></system-out>
  <system-err><![CDATA[]]></system-err>
</testsuite>
