<?xml version="1.0" encoding="UTF-8"?>
<testsuite name="com.ceiba.usuario.controlador.ConsultaControladorUsuarioTest" tests="1" skipped="0" failures="0" errors="0" timestamp="2022-01-20T13:31:54" hostname="CARLOS-RIASCO" time="0.235">
  <properties/>
  <testcase name="Deberia listar usuarios" classname="com.ceiba.usuario.controlador.ConsultaControladorUsuarioTest" time="0.235"/>
  <system-out><![CDATA[2022-01-20 08:31:52.374  INFO 22996 --- [    Test worker] o.s.t.c.support.AbstractContextLoader    : Could not detect default resource locations for test class [com.ceiba.usuario.controlador.ConsultaControladorUsuarioTest]: no resource found for suffixes {-context.xml, Context.groovy}.
2022-01-20 08:31:52.377  INFO 22996 --- [    Test worker] .b.t.a.w.s.WebMvcTestContextBootstrapper : Loaded default TestExecutionListener class names from location [META-INF/spring.factories]: [org.springframework.boot.test.autoconfigure.restdocs.RestDocsTestExecutionListener, org.springframework.boot.test.autoconfigure.web.client.MockRestServiceServerResetTestExecutionListener, org.springframework.boot.test.autoconfigure.web.servlet.MockMvcPrintOnlyOnFailureTestExecutionListener, org.springframework.boot.test.autoconfigure.web.servlet.WebDriverTestExecutionListener, org.springframework.boot.test.autoconfigure.webservices.client.MockWebServiceServerTestExecutionListener, org.springframework.boot.test.mock.mockito.MockitoTestExecutionListener, org.springframework.boot.test.mock.mockito.ResetMocksTestExecutionListener, org.springframework.test.context.web.ServletTestExecutionListener, org.springframework.test.context.support.DirtiesContextBeforeModesTestExecutionListener, org.springframework.test.context.event.ApplicationEventsTestExecutionListener, org.springframework.test.context.support.DependencyInjectionTestExecutionListener, org.springframework.test.context.support.DirtiesContextTestExecutionListener, org.springframework.test.context.transaction.TransactionalTestExecutionListener, org.springframework.test.context.jdbc.SqlScriptsTestExecutionListener, org.springframework.test.context.event.EventPublishingTestExecutionListener]
2022-01-20 08:31:52.377  INFO 22996 --- [    Test worker] .b.t.a.w.s.WebMvcTestContextBootstrapper : Using TestExecutionListeners: [org.springframework.test.context.web.ServletTestExecutionListener@46576038, org.springframework.test.context.support.DirtiesContextBeforeModesTestExecutionListener@453e3c6b, org.springframework.test.context.event.ApplicationEventsTestExecutionListener@1bbce72d, org.springframework.boot.test.mock.mockito.MockitoTestExecutionListener@7408ca45, org.springframework.boot.test.autoconfigure.SpringBootDependencyInjectionTestExecutionListener@9a3325c, org.springframework.test.context.support.DirtiesContextTestExecutionListener@3dca9a67, org.springframework.test.context.transaction.TransactionalTestExecutionListener@41b3977c, org.springframework.test.context.jdbc.SqlScriptsTestExecutionListener@73db37ed, org.springframework.test.context.event.EventPublishingTestExecutionListener@637aca18, org.springframework.boot.test.autoconfigure.restdocs.RestDocsTestExecutionListener@a0a7db2, org.springframework.boot.test.autoconfigure.web.client.MockRestServiceServerResetTestExecutionListener@575f03f8, org.springframework.boot.test.autoconfigure.web.servlet.MockMvcPrintOnlyOnFailureTestExecutionListener@7d1132a1, org.springframework.boot.test.autoconfigure.web.servlet.WebDriverTestExecutionListener@488e1d11, org.springframework.boot.test.autoconfigure.webservices.client.MockWebServiceServerTestExecutionListener@11300e5f, org.springframework.boot.test.mock.mockito.ResetMocksTestExecutionListener@3edf9f42]

  .   ____          _            __ _ _
 /\\ / ___'_ __ _ _(_)_ __  __ _ \ \ \ \
( ( )\___ | '_ | '_| | '_ \/ _` | \ \ \ \
 \\/  ___)| |_)| | | | | || (_| |  ) ) ) )
  '  |____| .__|_| |_|_| |_\__, | / / / /
 =========|_|==============|___/=/_/_/_/
 :: Spring Boot ::                (v2.5.3)

2022-01-20 08:31:52.429  INFO 22996 --- [    Test worker] c.c.u.c.ConsultaControladorUsuarioTest   : Starting ConsultaControladorUsuarioTest using Java 1.8.0_311 on CARLOS-RIASCO with PID 22996 (started by carlos.riascos in C:\Users\carlos.riascos\Desktop\ADN\java-arquitectura-hexagonal\microservicio\infraestructura)
2022-01-20 08:31:52.430  INFO 22996 --- [    Test worker] c.c.u.c.ConsultaControladorUsuarioTest   : No active profile set, falling back to default profiles: default
2022-01-20 08:31:52.928  INFO 22996 --- [    Test worker] com.zaxxer.hikari.HikariDataSource       : pool - Starting...
2022-01-20 08:31:52.930  INFO 22996 --- [    Test worker] com.zaxxer.hikari.HikariDataSource       : pool - Start completed.
2022-01-20 08:31:53.657  INFO 22996 --- [    Test worker] pertySourcedRequestMappingHandlerMapping : Mapped URL path [/v2/api-docs] onto method [springfox.documentation.swagger2.web.Swagger2Controller#getDocumentation(String, HttpServletRequest)]
2022-01-20 08:31:53.662  INFO 22996 --- [    Test worker] o.s.j.d.e.EmbeddedDatabaseFactory        : Starting embedded database: url='jdbc:h2:mem:testdb;DB_CLOSE_DELAY=-1;DB_CLOSE_ON_EXIT=false', username='sa'
2022-01-20 08:31:53.671  INFO 22996 --- [    Test worker] o.f.c.internal.database.DatabaseFactory  : Database: jdbc:h2:mem:testdb (H2 1.4)
2022-01-20 08:31:53.672  WARN 22996 --- [    Test worker] o.f.c.internal.database.base.Database    : Flyway upgrade recommended: H2 1.4.200 is newer than this version of Flyway and support has not been tested.
2022-01-20 08:31:53.692  INFO 22996 --- [    Test worker] o.f.core.internal.command.DbValidate     : Successfully validated 8 migrations (execution time 00:00.009s)
2022-01-20 08:31:53.696  INFO 22996 --- [    Test worker] o.f.c.i.s.JdbcTableSchemaHistory         : Creating Schema History table: "PUBLIC"."flyway_schema_history"
2022-01-20 08:31:53.703  INFO 22996 --- [    Test worker] o.f.core.internal.command.DbMigrate      : Current version of schema "PUBLIC": << Empty Schema >>
2022-01-20 08:31:53.704  INFO 22996 --- [    Test worker] o.f.core.internal.command.DbMigrate      : Migrating schema "PUBLIC" to version 1.0 - schema
2022-01-20 08:31:53.710  INFO 22996 --- [    Test worker] o.f.core.internal.command.DbMigrate      : Migrating schema "PUBLIC" to version 1.1 - schema persona
2022-01-20 08:31:53.717  INFO 22996 --- [    Test worker] o.f.core.internal.command.DbMigrate      : Migrating schema "PUBLIC" to version 1.1.1 - data
2022-01-20 08:31:53.724  INFO 22996 --- [    Test worker] o.f.core.internal.command.DbMigrate      : Migrating schema "PUBLIC" to version 1.1.2 - persona  data
2022-01-20 08:31:53.731  INFO 22996 --- [    Test worker] o.f.core.internal.command.DbMigrate      : Migrating schema "PUBLIC" to version 1.2 - schema prestamos
2022-01-20 08:31:53.738  INFO 22996 --- [    Test worker] o.f.core.internal.command.DbMigrate      : Migrating schema "PUBLIC" to version 1.2.1 - prestamos  data
2022-01-20 08:31:53.744  INFO 22996 --- [    Test worker] o.f.core.internal.command.DbMigrate      : Migrating schema "PUBLIC" to version 1.3 - schema abonos
2022-01-20 08:31:53.753  INFO 22996 --- [    Test worker] o.f.core.internal.command.DbMigrate      : Migrating schema "PUBLIC" to version 1.3.1 - abonos  data
2022-01-20 08:31:53.758  INFO 22996 --- [    Test worker] o.f.core.internal.command.DbMigrate      : Successfully applied 8 migrations to schema "PUBLIC" (execution time 00:00.063s)
2022-01-20 08:31:54.153  INFO 22996 --- [    Test worker] o.s.b.t.m.w.SpringBootMockServletContext : Initializing Spring TestDispatcherServlet ''
2022-01-20 08:31:54.153  INFO 22996 --- [    Test worker] o.s.t.web.servlet.TestDispatcherServlet  : Initializing Servlet ''
2022-01-20 08:31:54.154  INFO 22996 --- [    Test worker] o.s.t.web.servlet.TestDispatcherServlet  : Completed initialization in 1 ms
2022-01-20 08:31:54.175  INFO 22996 --- [    Test worker] d.s.w.p.DocumentationPluginsBootstrapper : Context refreshed
2022-01-20 08:31:54.175  INFO 22996 --- [    Test worker] d.s.w.p.DocumentationPluginsBootstrapper : Found 1 custom documentation plugin(s)
2022-01-20 08:31:54.187  INFO 22996 --- [    Test worker] s.d.s.w.s.ApiListingReferenceScanner     : Scanning for api listing references
2022-01-20 08:31:54.200  INFO 22996 --- [    Test worker] .d.s.w.r.o.CachingOperationNameGenerator : Generating unique operation named: crearUsingPOST_1
2022-01-20 08:31:54.203  INFO 22996 --- [    Test worker] .d.s.w.r.o.CachingOperationNameGenerator : Generating unique operation named: crearUsingPOST_2
2022-01-20 08:31:54.209  INFO 22996 --- [    Test worker] .d.s.w.r.o.CachingOperationNameGenerator : Generating unique operation named: crearUsingPOST_3
2022-01-20 08:31:54.219  INFO 22996 --- [    Test worker] .d.s.w.r.o.CachingOperationNameGenerator : Generating unique operation named: listarUsingGET_1
2022-01-20 08:31:54.223  INFO 22996 --- [    Test worker] .d.s.w.r.o.CachingOperationNameGenerator : Generating unique operation named: listarUsingGET_2
2022-01-20 08:31:54.231  INFO 22996 --- [    Test worker] .d.s.w.r.o.CachingOperationNameGenerator : Generating unique operation named: listarUsingGET_3
2022-01-20 08:31:54.236  INFO 22996 --- [    Test worker] c.c.u.c.ConsultaControladorUsuarioTest   : Started ConsultaControladorUsuarioTest in 1.855 seconds (JVM running for 54.142)
2022-01-20 08:31:54.257  INFO 22996 --- [    Test worker] o.s.j.d.e.EmbeddedDatabaseFactory        : Shutting down embedded database: url='jdbc:h2:mem:testdb;DB_CLOSE_DELAY=-1;DB_CLOSE_ON_EXIT=false'
2022-01-20 08:31:54.473  INFO 22996 --- [    Test worker] com.zaxxer.hikari.HikariDataSource       : pool - Shutdown initiated...
2022-01-20 08:31:54.476  INFO 22996 --- [    Test worker] com.zaxxer.hikari.HikariDataSource       : pool - Shutdown completed.
]]></system-out>
  <system-err><![CDATA[]]></system-err>
</testsuite>
