<?xml version="1.0" encoding="UTF-8"?>
<testsuite name="com.ceiba.usuario.controlador.ConsultaControladorUsuarioTest" tests="1" skipped="0" failures="0" errors="0" timestamp="2022-01-12T18:20:28" hostname="CARLOS-RIASCO" time="0.278">
  <properties/>
  <testcase name="Deberia listar usuarios" classname="com.ceiba.usuario.controlador.ConsultaControladorUsuarioTest" time="0.278"/>
  <system-out><![CDATA[2022-01-12 13:20:22.764  INFO 1624 --- [    Test worker] o.s.t.c.support.AbstractContextLoader    : Could not detect default resource locations for test class [com.ceiba.usuario.controlador.ConsultaControladorUsuarioTest]: no resource found for suffixes {-context.xml, Context.groovy}.
2022-01-12 13:20:22.773  INFO 1624 --- [    Test worker] .b.t.a.w.s.WebMvcTestContextBootstrapper : Loaded default TestExecutionListener class names from location [META-INF/spring.factories]: [org.springframework.boot.test.autoconfigure.restdocs.RestDocsTestExecutionListener, org.springframework.boot.test.autoconfigure.web.client.MockRestServiceServerResetTestExecutionListener, org.springframework.boot.test.autoconfigure.web.servlet.MockMvcPrintOnlyOnFailureTestExecutionListener, org.springframework.boot.test.autoconfigure.web.servlet.WebDriverTestExecutionListener, org.springframework.boot.test.autoconfigure.webservices.client.MockWebServiceServerTestExecutionListener, org.springframework.boot.test.mock.mockito.MockitoTestExecutionListener, org.springframework.boot.test.mock.mockito.ResetMocksTestExecutionListener, org.springframework.test.context.web.ServletTestExecutionListener, org.springframework.test.context.support.DirtiesContextBeforeModesTestExecutionListener, org.springframework.test.context.event.ApplicationEventsTestExecutionListener, org.springframework.test.context.support.DependencyInjectionTestExecutionListener, org.springframework.test.context.support.DirtiesContextTestExecutionListener, org.springframework.test.context.transaction.TransactionalTestExecutionListener, org.springframework.test.context.jdbc.SqlScriptsTestExecutionListener, org.springframework.test.context.event.EventPublishingTestExecutionListener]
2022-01-12 13:20:22.775  INFO 1624 --- [    Test worker] .b.t.a.w.s.WebMvcTestContextBootstrapper : Using TestExecutionListeners: [org.springframework.test.context.web.ServletTestExecutionListener@72031e, org.springframework.test.context.support.DirtiesContextBeforeModesTestExecutionListener@4d490ae7, org.springframework.test.context.event.ApplicationEventsTestExecutionListener@587d34b7, org.springframework.boot.test.mock.mockito.MockitoTestExecutionListener@26d8ccf9, org.springframework.boot.test.autoconfigure.SpringBootDependencyInjectionTestExecutionListener@362251cf, org.springframework.test.context.support.DirtiesContextTestExecutionListener@33396bde, org.springframework.test.context.transaction.TransactionalTestExecutionListener@2d02982, org.springframework.test.context.jdbc.SqlScriptsTestExecutionListener@628f8225, org.springframework.test.context.event.EventPublishingTestExecutionListener@46870b92, org.springframework.boot.test.autoconfigure.restdocs.RestDocsTestExecutionListener@3e98ef07, org.springframework.boot.test.autoconfigure.web.client.MockRestServiceServerResetTestExecutionListener@3d075d6f, org.springframework.boot.test.autoconfigure.web.servlet.MockMvcPrintOnlyOnFailureTestExecutionListener@23877e40, org.springframework.boot.test.autoconfigure.web.servlet.WebDriverTestExecutionListener@5da22a39, org.springframework.boot.test.autoconfigure.webservices.client.MockWebServiceServerTestExecutionListener@243b165d, org.springframework.boot.test.mock.mockito.ResetMocksTestExecutionListener@2350db90]

  .   ____          _            __ _ _
 /\\ / ___'_ __ _ _(_)_ __  __ _ \ \ \ \
( ( )\___ | '_ | '_| | '_ \/ _` | \ \ \ \
 \\/  ___)| |_)| | | | | || (_| |  ) ) ) )
  '  |____| .__|_| |_|_| |_\__, | / / / /
 =========|_|==============|___/=/_/_/_/
 :: Spring Boot ::                (v2.5.3)

2022-01-12 13:20:22.929  INFO 1624 --- [    Test worker] c.c.u.c.ConsultaControladorUsuarioTest   : Starting ConsultaControladorUsuarioTest using Java 1.8.0_311 on CARLOS-RIASCO with PID 1624 (started by carlos.riascos in C:\Users\carlos.riascos\Desktop\ADN\java-arquitectura-hexagonal\microservicio\infraestructura)
2022-01-12 13:20:22.932  INFO 1624 --- [    Test worker] c.c.u.c.ConsultaControladorUsuarioTest   : No active profile set, falling back to default profiles: default
2022-01-12 13:20:24.488  INFO 1624 --- [    Test worker] com.zaxxer.hikari.HikariDataSource       : pool - Starting...
2022-01-12 13:20:24.514  INFO 1624 --- [    Test worker] com.zaxxer.hikari.HikariDataSource       : pool - Start completed.
2022-01-12 13:20:26.518  INFO 1624 --- [    Test worker] pertySourcedRequestMappingHandlerMapping : Mapped URL path [/v2/api-docs] onto method [springfox.documentation.swagger2.web.Swagger2Controller#getDocumentation(String, HttpServletRequest)]
2022-01-12 13:20:26.531  INFO 1624 --- [    Test worker] o.s.j.d.e.EmbeddedDatabaseFactory        : Starting embedded database: url='jdbc:h2:mem:testdb;DB_CLOSE_DELAY=-1;DB_CLOSE_ON_EXIT=false', username='sa'
2022-01-12 13:20:26.560  INFO 1624 --- [    Test worker] o.f.c.internal.database.DatabaseFactory  : Database: jdbc:h2:mem:testdb (H2 1.4)
2022-01-12 13:20:26.569  WARN 1624 --- [    Test worker] o.f.c.internal.database.base.Database    : Flyway upgrade recommended: H2 1.4.200 is newer than this version of Flyway and support has not been tested.
2022-01-12 13:20:26.653  INFO 1624 --- [    Test worker] o.f.core.internal.command.DbValidate     : Successfully validated 5 migrations (execution time 00:00.034s)
2022-01-12 13:20:26.669  INFO 1624 --- [    Test worker] o.f.c.i.s.JdbcTableSchemaHistory         : Creating Schema History table: "PUBLIC"."flyway_schema_history"
2022-01-12 13:20:26.698  INFO 1624 --- [    Test worker] o.f.core.internal.command.DbMigrate      : Current version of schema "PUBLIC": << Empty Schema >>
2022-01-12 13:20:26.700  INFO 1624 --- [    Test worker] o.f.core.internal.command.DbMigrate      : Migrating schema "PUBLIC" to version 1.0 - schema
2022-01-12 13:20:26.734  INFO 1624 --- [    Test worker] o.f.core.internal.command.DbMigrate      : Migrating schema "PUBLIC" to version 1.1 - schema persona
2022-01-12 13:20:26.782  INFO 1624 --- [    Test worker] o.f.core.internal.command.DbMigrate      : Migrating schema "PUBLIC" to version 1.1.1 - data
2022-01-12 13:20:26.817  INFO 1624 --- [    Test worker] o.f.core.internal.command.DbMigrate      : Migrating schema "PUBLIC" to version 1.1.2 - persona  data
2022-01-12 13:20:26.846  INFO 1624 --- [    Test worker] o.f.core.internal.command.DbMigrate      : Migrating schema "PUBLIC" to version 1.2 - schema prestamos
2022-01-12 13:20:26.885  INFO 1624 --- [    Test worker] o.f.core.internal.command.DbMigrate      : Successfully applied 5 migrations to schema "PUBLIC" (execution time 00:00.219s)
2022-01-12 13:20:27.839  INFO 1624 --- [    Test worker] o.s.b.t.m.w.SpringBootMockServletContext : Initializing Spring TestDispatcherServlet ''
2022-01-12 13:20:27.839  INFO 1624 --- [    Test worker] o.s.t.web.servlet.TestDispatcherServlet  : Initializing Servlet ''
2022-01-12 13:20:27.841  INFO 1624 --- [    Test worker] o.s.t.web.servlet.TestDispatcherServlet  : Completed initialization in 2 ms
2022-01-12 13:20:27.898  INFO 1624 --- [    Test worker] d.s.w.p.DocumentationPluginsBootstrapper : Context refreshed
2022-01-12 13:20:27.906  INFO 1624 --- [    Test worker] d.s.w.p.DocumentationPluginsBootstrapper : Found 1 custom documentation plugin(s)
2022-01-12 13:20:27.934  INFO 1624 --- [    Test worker] s.d.s.w.s.ApiListingReferenceScanner     : Scanning for api listing references
2022-01-12 13:20:28.038  INFO 1624 --- [    Test worker] .d.s.w.r.o.CachingOperationNameGenerator : Generating unique operation named: crearUsingPOST_1
2022-01-12 13:20:28.068  INFO 1624 --- [    Test worker] .d.s.w.r.o.CachingOperationNameGenerator : Generating unique operation named: actualizarUsingPUT_1
2022-01-12 13:20:28.086  INFO 1624 --- [    Test worker] .d.s.w.r.o.CachingOperationNameGenerator : Generating unique operation named: crearUsingPOST_2
2022-01-12 13:20:28.132  INFO 1624 --- [    Test worker] .d.s.w.r.o.CachingOperationNameGenerator : Generating unique operation named: listarUsingGET_1
2022-01-12 13:20:28.141  INFO 1624 --- [    Test worker] .d.s.w.r.o.CachingOperationNameGenerator : Generating unique operation named: listarUsingGET_2
2022-01-12 13:20:28.149  INFO 1624 --- [    Test worker] c.c.u.c.ConsultaControladorUsuarioTest   : Started ConsultaControladorUsuarioTest in 5.368 seconds (JVM running for 45.566)
2022-01-12 13:20:28.226  INFO 1624 --- [    Test worker] o.s.j.d.e.EmbeddedDatabaseFactory        : Shutting down embedded database: url='jdbc:h2:mem:testdb;DB_CLOSE_DELAY=-1;DB_CLOSE_ON_EXIT=false'
2022-01-12 13:20:28.438  INFO 1624 --- [    Test worker] com.zaxxer.hikari.HikariDataSource       : pool - Shutdown initiated...
2022-01-12 13:20:28.443  INFO 1624 --- [    Test worker] com.zaxxer.hikari.HikariDataSource       : pool - Shutdown completed.
]]></system-out>
  <system-err><![CDATA[]]></system-err>
</testsuite>
