<?xml version="1.0" encoding="UTF-8"?>
<testsuite name="com.ceiba.abono.controlador.ConsultaControladorAbonoTest" tests="2" skipped="0" failures="0" errors="0" timestamp="2022-01-27T14:15:54" hostname="CARLOS-RIASCO" time="3.184">
  <properties/>
  <testcase name="Deberia listar abonos con prestamo" classname="com.ceiba.abono.controlador.ConsultaControladorAbonoTest" time="0.688"/>
  <testcase name="Deberia listar abonos" classname="com.ceiba.abono.controlador.ConsultaControladorAbonoTest" time="0.25"/>
  <system-out><![CDATA[2022-01-27 09:15:52.028  INFO 22676 --- [    Test worker] o.s.t.c.support.AbstractContextLoader    : Could not detect default resource locations for test class [com.ceiba.abono.controlador.ConsultaControladorAbonoTest]: no resource found for suffixes {-context.xml, Context.groovy}.
2022-01-27 09:15:52.037  INFO 22676 --- [    Test worker] .b.t.a.w.s.WebMvcTestContextBootstrapper : Loaded default TestExecutionListener class names from location [META-INF/spring.factories]: [org.springframework.boot.test.autoconfigure.restdocs.RestDocsTestExecutionListener, org.springframework.boot.test.autoconfigure.web.client.MockRestServiceServerResetTestExecutionListener, org.springframework.boot.test.autoconfigure.web.servlet.MockMvcPrintOnlyOnFailureTestExecutionListener, org.springframework.boot.test.autoconfigure.web.servlet.WebDriverTestExecutionListener, org.springframework.boot.test.autoconfigure.webservices.client.MockWebServiceServerTestExecutionListener, org.springframework.boot.test.mock.mockito.MockitoTestExecutionListener, org.springframework.boot.test.mock.mockito.ResetMocksTestExecutionListener, org.springframework.test.context.web.ServletTestExecutionListener, org.springframework.test.context.support.DirtiesContextBeforeModesTestExecutionListener, org.springframework.test.context.event.ApplicationEventsTestExecutionListener, org.springframework.test.context.support.DependencyInjectionTestExecutionListener, org.springframework.test.context.support.DirtiesContextTestExecutionListener, org.springframework.test.context.transaction.TransactionalTestExecutionListener, org.springframework.test.context.jdbc.SqlScriptsTestExecutionListener, org.springframework.test.context.event.EventPublishingTestExecutionListener]
2022-01-27 09:15:52.038  INFO 22676 --- [    Test worker] .b.t.a.w.s.WebMvcTestContextBootstrapper : Using TestExecutionListeners: [org.springframework.test.context.web.ServletTestExecutionListener@6817722b, org.springframework.test.context.support.DirtiesContextBeforeModesTestExecutionListener@74cbe9bf, org.springframework.test.context.event.ApplicationEventsTestExecutionListener@2e1c36d0, org.springframework.boot.test.mock.mockito.MockitoTestExecutionListener@5ce734da, org.springframework.boot.test.autoconfigure.SpringBootDependencyInjectionTestExecutionListener@f329347, org.springframework.test.context.support.DirtiesContextTestExecutionListener@249f050f, org.springframework.test.context.transaction.TransactionalTestExecutionListener@6bfa1dfa, org.springframework.test.context.jdbc.SqlScriptsTestExecutionListener@edea5bb, org.springframework.test.context.event.EventPublishingTestExecutionListener@15edb78c, org.springframework.boot.test.autoconfigure.restdocs.RestDocsTestExecutionListener@49867f43, org.springframework.boot.test.autoconfigure.web.client.MockRestServiceServerResetTestExecutionListener@72a8be44, org.springframework.boot.test.autoconfigure.web.servlet.MockMvcPrintOnlyOnFailureTestExecutionListener@9202ed7, org.springframework.boot.test.autoconfigure.web.servlet.WebDriverTestExecutionListener@7109b9a8, org.springframework.boot.test.autoconfigure.webservices.client.MockWebServiceServerTestExecutionListener@b8fbcad, org.springframework.boot.test.mock.mockito.ResetMocksTestExecutionListener@3c627906]

  .   ____          _            __ _ _
 /\\ / ___'_ __ _ _(_)_ __  __ _ \ \ \ \
( ( )\___ | '_ | '_| | '_ \/ _` | \ \ \ \
 \\/  ___)| |_)| | | | | || (_| |  ) ) ) )
  '  |____| .__|_| |_|_| |_\__, | / / / /
 =========|_|==============|___/=/_/_/_/
 :: Spring Boot ::                (v2.5.3)

2022-01-27 09:15:52.155  INFO 22676 --- [    Test worker] c.c.a.c.ConsultaControladorAbonoTest     : Starting ConsultaControladorAbonoTest using Java 1.8.0_311 on CARLOS-RIASCO with PID 22676 (started by carlos.riascos in C:\Users\carlos.riascos\Desktop\ADN\java-arquitectura-hexagonal\microservicio\infraestructura)
2022-01-27 09:15:52.158  INFO 22676 --- [    Test worker] c.c.a.c.ConsultaControladorAbonoTest     : No active profile set, falling back to default profiles: default
2022-01-27 09:15:52.832  INFO 22676 --- [    Test worker] com.zaxxer.hikari.HikariDataSource       : pool - Starting...
2022-01-27 09:15:52.837  INFO 22676 --- [    Test worker] com.zaxxer.hikari.HikariDataSource       : pool - Start completed.
2022-01-27 09:15:53.731  INFO 22676 --- [    Test worker] pertySourcedRequestMappingHandlerMapping : Mapped URL path [/v2/api-docs] onto method [springfox.documentation.swagger2.web.Swagger2Controller#getDocumentation(String, HttpServletRequest)]
2022-01-27 09:15:53.736  INFO 22676 --- [    Test worker] o.s.j.d.e.EmbeddedDatabaseFactory        : Starting embedded database: url='jdbc:h2:mem:testdb;DB_CLOSE_DELAY=-1;DB_CLOSE_ON_EXIT=false', username='sa'
2022-01-27 09:15:53.749  INFO 22676 --- [    Test worker] o.f.c.internal.database.DatabaseFactory  : Database: jdbc:h2:mem:testdb (H2 1.4)
2022-01-27 09:15:53.752  WARN 22676 --- [    Test worker] o.f.c.internal.database.base.Database    : Flyway upgrade recommended: H2 1.4.200 is newer than this version of Flyway and support has not been tested.
2022-01-27 09:15:53.789  INFO 22676 --- [    Test worker] o.f.core.internal.command.DbValidate     : Successfully validated 8 migrations (execution time 00:00.016s)
2022-01-27 09:15:53.799  INFO 22676 --- [    Test worker] o.f.c.i.s.JdbcTableSchemaHistory         : Creating Schema History table: "PUBLIC"."flyway_schema_history"
2022-01-27 09:15:53.812  INFO 22676 --- [    Test worker] o.f.core.internal.command.DbMigrate      : Current version of schema "PUBLIC": << Empty Schema >>
2022-01-27 09:15:53.813  INFO 22676 --- [    Test worker] o.f.core.internal.command.DbMigrate      : Migrating schema "PUBLIC" to version 1.0 - schema
2022-01-27 09:15:53.824  INFO 22676 --- [    Test worker] o.f.core.internal.command.DbMigrate      : Migrating schema "PUBLIC" to version 1.1 - schema persona
2022-01-27 09:15:53.837  INFO 22676 --- [    Test worker] o.f.core.internal.command.DbMigrate      : Migrating schema "PUBLIC" to version 1.1.1 - data
2022-01-27 09:15:53.847  INFO 22676 --- [    Test worker] o.f.core.internal.command.DbMigrate      : Migrating schema "PUBLIC" to version 1.1.2 - persona  data
2022-01-27 09:15:53.858  INFO 22676 --- [    Test worker] o.f.core.internal.command.DbMigrate      : Migrating schema "PUBLIC" to version 1.2 - schema prestamos
2022-01-27 09:15:53.871  INFO 22676 --- [    Test worker] o.f.core.internal.command.DbMigrate      : Migrating schema "PUBLIC" to version 1.2.1 - prestamos  data
2022-01-27 09:15:53.882  INFO 22676 --- [    Test worker] o.f.core.internal.command.DbMigrate      : Migrating schema "PUBLIC" to version 1.3 - schema abonos
2022-01-27 09:15:53.895  INFO 22676 --- [    Test worker] o.f.core.internal.command.DbMigrate      : Migrating schema "PUBLIC" to version 1.3.1 - abonos  data
2022-01-27 09:15:53.906  INFO 22676 --- [    Test worker] o.f.core.internal.command.DbMigrate      : Successfully applied 8 migrations to schema "PUBLIC" (execution time 00:00.109s)
2022-01-27 09:15:54.344  INFO 22676 --- [    Test worker] o.s.b.t.m.w.SpringBootMockServletContext : Initializing Spring TestDispatcherServlet ''
2022-01-27 09:15:54.345  INFO 22676 --- [    Test worker] o.s.t.web.servlet.TestDispatcherServlet  : Initializing Servlet ''
2022-01-27 09:15:54.346  INFO 22676 --- [    Test worker] o.s.t.web.servlet.TestDispatcherServlet  : Completed initialization in 1 ms
2022-01-27 09:15:54.379  INFO 22676 --- [    Test worker] d.s.w.p.DocumentationPluginsBootstrapper : Context refreshed
2022-01-27 09:15:54.380  INFO 22676 --- [    Test worker] d.s.w.p.DocumentationPluginsBootstrapper : Found 1 custom documentation plugin(s)
2022-01-27 09:15:54.405  INFO 22676 --- [    Test worker] s.d.s.w.s.ApiListingReferenceScanner     : Scanning for api listing references
2022-01-27 09:15:54.429  INFO 22676 --- [    Test worker] .d.s.w.r.o.CachingOperationNameGenerator : Generating unique operation named: crearUsingPOST_1
2022-01-27 09:15:54.437  INFO 22676 --- [    Test worker] .d.s.w.r.o.CachingOperationNameGenerator : Generating unique operation named: crearUsingPOST_2
2022-01-27 09:15:54.451  INFO 22676 --- [    Test worker] .d.s.w.r.o.CachingOperationNameGenerator : Generating unique operation named: crearUsingPOST_3
2022-01-27 09:15:54.472  INFO 22676 --- [    Test worker] .d.s.w.r.o.CachingOperationNameGenerator : Generating unique operation named: listarUsingGET_1
2022-01-27 09:15:54.478  INFO 22676 --- [    Test worker] .d.s.w.r.o.CachingOperationNameGenerator : Generating unique operation named: listarUsingGET_2
2022-01-27 09:15:54.485  INFO 22676 --- [    Test worker] .d.s.w.r.o.CachingOperationNameGenerator : Generating unique operation named: listarUsingGET_3
2022-01-27 09:15:54.499  INFO 22676 --- [    Test worker] c.c.a.c.ConsultaControladorAbonoTest     : Started ConsultaControladorAbonoTest in 2.455 seconds (JVM running for 17.486)
2022-01-27 09:15:54.977  INFO 22676 --- [    Test worker] o.s.j.d.e.EmbeddedDatabaseFactory        : Shutting down embedded database: url='jdbc:h2:mem:testdb;DB_CLOSE_DELAY=-1;DB_CLOSE_ON_EXIT=false'
2022-01-27 09:15:55.190  INFO 22676 --- [    Test worker] com.zaxxer.hikari.HikariDataSource       : pool - Shutdown initiated...
2022-01-27 09:15:55.193  INFO 22676 --- [    Test worker] com.zaxxer.hikari.HikariDataSource       : pool - Shutdown completed.

  .   ____          _            __ _ _
 /\\ / ___'_ __ _ _(_)_ __  __ _ \ \ \ \
( ( )\___ | '_ | '_| | '_ \/ _` | \ \ \ \
 \\/  ___)| |_)| | | | | || (_| |  ) ) ) )
  '  |____| .__|_| |_|_| |_\__, | / / / /
 =========|_|==============|___/=/_/_/_/
 :: Spring Boot ::                (v2.5.3)

2022-01-27 09:15:55.263  INFO 22676 --- [    Test worker] c.c.a.c.ConsultaControladorAbonoTest     : Starting ConsultaControladorAbonoTest using Java 1.8.0_311 on CARLOS-RIASCO with PID 22676 (started by carlos.riascos in C:\Users\carlos.riascos\Desktop\ADN\java-arquitectura-hexagonal\microservicio\infraestructura)
2022-01-27 09:15:55.265  INFO 22676 --- [    Test worker] c.c.a.c.ConsultaControladorAbonoTest     : No active profile set, falling back to default profiles: default
2022-01-27 09:15:55.855  INFO 22676 --- [    Test worker] com.zaxxer.hikari.HikariDataSource       : pool - Starting...
2022-01-27 09:15:55.859  INFO 22676 --- [    Test worker] com.zaxxer.hikari.HikariDataSource       : pool - Start completed.
2022-01-27 09:15:56.708  INFO 22676 --- [    Test worker] pertySourcedRequestMappingHandlerMapping : Mapped URL path [/v2/api-docs] onto method [springfox.documentation.swagger2.web.Swagger2Controller#getDocumentation(String, HttpServletRequest)]
2022-01-27 09:15:56.714  INFO 22676 --- [    Test worker] o.s.j.d.e.EmbeddedDatabaseFactory        : Starting embedded database: url='jdbc:h2:mem:testdb;DB_CLOSE_DELAY=-1;DB_CLOSE_ON_EXIT=false', username='sa'
2022-01-27 09:15:56.726  INFO 22676 --- [    Test worker] o.f.c.internal.database.DatabaseFactory  : Database: jdbc:h2:mem:testdb (H2 1.4)
2022-01-27 09:15:56.728  WARN 22676 --- [    Test worker] o.f.c.internal.database.base.Database    : Flyway upgrade recommended: H2 1.4.200 is newer than this version of Flyway and support has not been tested.
2022-01-27 09:15:56.752  INFO 22676 --- [    Test worker] o.f.core.internal.command.DbValidate     : Successfully validated 8 migrations (execution time 00:00.011s)
2022-01-27 09:15:56.758  INFO 22676 --- [    Test worker] o.f.c.i.s.JdbcTableSchemaHistory         : Creating Schema History table: "PUBLIC"."flyway_schema_history"
2022-01-27 09:15:56.768  INFO 22676 --- [    Test worker] o.f.core.internal.command.DbMigrate      : Current version of schema "PUBLIC": << Empty Schema >>
2022-01-27 09:15:56.768  INFO 22676 --- [    Test worker] o.f.core.internal.command.DbMigrate      : Migrating schema "PUBLIC" to version 1.0 - schema
2022-01-27 09:15:56.778  INFO 22676 --- [    Test worker] o.f.core.internal.command.DbMigrate      : Migrating schema "PUBLIC" to version 1.1 - schema persona
2022-01-27 09:15:56.787  INFO 22676 --- [    Test worker] o.f.core.internal.command.DbMigrate      : Migrating schema "PUBLIC" to version 1.1.1 - data
2022-01-27 09:15:56.797  INFO 22676 --- [    Test worker] o.f.core.internal.command.DbMigrate      : Migrating schema "PUBLIC" to version 1.1.2 - persona  data
2022-01-27 09:15:56.807  INFO 22676 --- [    Test worker] o.f.core.internal.command.DbMigrate      : Migrating schema "PUBLIC" to version 1.2 - schema prestamos
2022-01-27 09:15:56.824  INFO 22676 --- [    Test worker] o.f.core.internal.command.DbMigrate      : Migrating schema "PUBLIC" to version 1.2.1 - prestamos  data
2022-01-27 09:15:56.836  INFO 22676 --- [    Test worker] o.f.core.internal.command.DbMigrate      : Migrating schema "PUBLIC" to version 1.3 - schema abonos
2022-01-27 09:15:56.847  INFO 22676 --- [    Test worker] o.f.core.internal.command.DbMigrate      : Migrating schema "PUBLIC" to version 1.3.1 - abonos  data
2022-01-27 09:15:56.858  INFO 22676 --- [    Test worker] o.f.core.internal.command.DbMigrate      : Successfully applied 8 migrations to schema "PUBLIC" (execution time 00:00.101s)
2022-01-27 09:15:57.290  INFO 22676 --- [    Test worker] o.s.b.t.m.w.SpringBootMockServletContext : Initializing Spring TestDispatcherServlet ''
2022-01-27 09:15:57.290  INFO 22676 --- [    Test worker] o.s.t.web.servlet.TestDispatcherServlet  : Initializing Servlet ''
2022-01-27 09:15:57.291  INFO 22676 --- [    Test worker] o.s.t.web.servlet.TestDispatcherServlet  : Completed initialization in 1 ms
2022-01-27 09:15:57.322  INFO 22676 --- [    Test worker] d.s.w.p.DocumentationPluginsBootstrapper : Context refreshed
2022-01-27 09:15:57.323  INFO 22676 --- [    Test worker] d.s.w.p.DocumentationPluginsBootstrapper : Found 1 custom documentation plugin(s)
2022-01-27 09:15:57.347  INFO 22676 --- [    Test worker] s.d.s.w.s.ApiListingReferenceScanner     : Scanning for api listing references
2022-01-27 09:15:57.368  INFO 22676 --- [    Test worker] .d.s.w.r.o.CachingOperationNameGenerator : Generating unique operation named: crearUsingPOST_1
2022-01-27 09:15:57.376  INFO 22676 --- [    Test worker] .d.s.w.r.o.CachingOperationNameGenerator : Generating unique operation named: crearUsingPOST_2
2022-01-27 09:15:57.391  INFO 22676 --- [    Test worker] .d.s.w.r.o.CachingOperationNameGenerator : Generating unique operation named: crearUsingPOST_3
2022-01-27 09:15:57.410  INFO 22676 --- [    Test worker] .d.s.w.r.o.CachingOperationNameGenerator : Generating unique operation named: listarUsingGET_1
2022-01-27 09:15:57.418  INFO 22676 --- [    Test worker] .d.s.w.r.o.CachingOperationNameGenerator : Generating unique operation named: listarUsingGET_2
2022-01-27 09:15:57.424  INFO 22676 --- [    Test worker] .d.s.w.r.o.CachingOperationNameGenerator : Generating unique operation named: listarUsingGET_3
2022-01-27 09:15:57.434  INFO 22676 --- [    Test worker] c.c.a.c.ConsultaControladorAbonoTest     : Started ConsultaControladorAbonoTest in 2.235 seconds (JVM running for 20.421)
2022-01-27 09:15:57.464  INFO 22676 --- [    Test worker] o.s.j.d.e.EmbeddedDatabaseFactory        : Shutting down embedded database: url='jdbc:h2:mem:testdb;DB_CLOSE_DELAY=-1;DB_CLOSE_ON_EXIT=false'
2022-01-27 09:15:57.682  INFO 22676 --- [    Test worker] com.zaxxer.hikari.HikariDataSource       : pool - Shutdown initiated...
2022-01-27 09:15:57.689  INFO 22676 --- [    Test worker] com.zaxxer.hikari.HikariDataSource       : pool - Shutdown completed.
]]></system-out>
  <system-err><![CDATA[]]></system-err>
</testsuite>
