<?xml version="1.0" encoding="UTF-8"?>
<testsuite name="com.ceiba.usuario.controlador.ConsultaControladorUsuarioTest" tests="1" skipped="0" failures="0" errors="0" timestamp="2022-01-11T13:20:49" hostname="CARLOS-RIASCO" time="0.237">
  <properties/>
  <testcase name="Deberia listar usuarios" classname="com.ceiba.usuario.controlador.ConsultaControladorUsuarioTest" time="0.237"/>
  <system-out><![CDATA[2022-01-11 08:20:48.120  INFO 17264 --- [    Test worker] o.s.t.c.support.AbstractContextLoader    : Could not detect default resource locations for test class [com.ceiba.usuario.controlador.ConsultaControladorUsuarioTest]: no resource found for suffixes {-context.xml, Context.groovy}.
2022-01-11 08:20:48.127  INFO 17264 --- [    Test worker] .b.t.a.w.s.WebMvcTestContextBootstrapper : Loaded default TestExecutionListener class names from location [META-INF/spring.factories]: [org.springframework.boot.test.autoconfigure.restdocs.RestDocsTestExecutionListener, org.springframework.boot.test.autoconfigure.web.client.MockRestServiceServerResetTestExecutionListener, org.springframework.boot.test.autoconfigure.web.servlet.MockMvcPrintOnlyOnFailureTestExecutionListener, org.springframework.boot.test.autoconfigure.web.servlet.WebDriverTestExecutionListener, org.springframework.boot.test.autoconfigure.webservices.client.MockWebServiceServerTestExecutionListener, org.springframework.boot.test.mock.mockito.MockitoTestExecutionListener, org.springframework.boot.test.mock.mockito.ResetMocksTestExecutionListener, org.springframework.test.context.web.ServletTestExecutionListener, org.springframework.test.context.support.DirtiesContextBeforeModesTestExecutionListener, org.springframework.test.context.event.ApplicationEventsTestExecutionListener, org.springframework.test.context.support.DependencyInjectionTestExecutionListener, org.springframework.test.context.support.DirtiesContextTestExecutionListener, org.springframework.test.context.transaction.TransactionalTestExecutionListener, org.springframework.test.context.jdbc.SqlScriptsTestExecutionListener, org.springframework.test.context.event.EventPublishingTestExecutionListener]
2022-01-11 08:20:48.128  INFO 17264 --- [    Test worker] .b.t.a.w.s.WebMvcTestContextBootstrapper : Using TestExecutionListeners: [org.springframework.test.context.web.ServletTestExecutionListener@701c62b1, org.springframework.test.context.support.DirtiesContextBeforeModesTestExecutionListener@300c4c44, org.springframework.test.context.event.ApplicationEventsTestExecutionListener@758c956, org.springframework.boot.test.mock.mockito.MockitoTestExecutionListener@75d773fa, org.springframework.boot.test.autoconfigure.SpringBootDependencyInjectionTestExecutionListener@664d9e1b, org.springframework.test.context.support.DirtiesContextTestExecutionListener@34f180fa, org.springframework.test.context.transaction.TransactionalTestExecutionListener@75a2ed4b, org.springframework.test.context.jdbc.SqlScriptsTestExecutionListener@3b2408a6, org.springframework.test.context.event.EventPublishingTestExecutionListener@3113e49f, org.springframework.boot.test.autoconfigure.restdocs.RestDocsTestExecutionListener@95d4417, org.springframework.boot.test.autoconfigure.web.client.MockRestServiceServerResetTestExecutionListener@6bf728c2, org.springframework.boot.test.autoconfigure.web.servlet.MockMvcPrintOnlyOnFailureTestExecutionListener@700d6c22, org.springframework.boot.test.autoconfigure.web.servlet.WebDriverTestExecutionListener@5e9449a0, org.springframework.boot.test.autoconfigure.webservices.client.MockWebServiceServerTestExecutionListener@3d8ad399, org.springframework.boot.test.mock.mockito.ResetMocksTestExecutionListener@6f694dd2]

  .   ____          _            __ _ _
 /\\ / ___'_ __ _ _(_)_ __  __ _ \ \ \ \
( ( )\___ | '_ | '_| | '_ \/ _` | \ \ \ \
 \\/  ___)| |_)| | | | | || (_| |  ) ) ) )
  '  |____| .__|_| |_|_| |_\__, | / / / /
 =========|_|==============|___/=/_/_/_/
 :: Spring Boot ::                (v2.5.3)

2022-01-11 08:20:48.190  INFO 17264 --- [    Test worker] c.c.u.c.ConsultaControladorUsuarioTest   : Starting ConsultaControladorUsuarioTest using Java 1.8.0_311 on CARLOS-RIASCO with PID 17264 (started by carlos.riascos in C:\Users\carlos.riascos\Desktop\ADN\java-arquitectura-hexagonal\microservicio\infraestructura)
2022-01-11 08:20:48.191  INFO 17264 --- [    Test worker] c.c.u.c.ConsultaControladorUsuarioTest   : No active profile set, falling back to default profiles: default
2022-01-11 08:20:48.689  INFO 17264 --- [    Test worker] com.zaxxer.hikari.HikariDataSource       : pool - Starting...
2022-01-11 08:20:48.693  INFO 17264 --- [    Test worker] com.zaxxer.hikari.HikariDataSource       : pool - Start completed.
2022-01-11 08:20:49.377  INFO 17264 --- [    Test worker] pertySourcedRequestMappingHandlerMapping : Mapped URL path [/v2/api-docs] onto method [springfox.documentation.swagger2.web.Swagger2Controller#getDocumentation(String, HttpServletRequest)]
2022-01-11 08:20:49.383  INFO 17264 --- [    Test worker] o.s.j.d.e.EmbeddedDatabaseFactory        : Starting embedded database: url='jdbc:h2:mem:testdb;DB_CLOSE_DELAY=-1;DB_CLOSE_ON_EXIT=false', username='sa'
2022-01-11 08:20:49.394  INFO 17264 --- [    Test worker] o.f.c.internal.database.DatabaseFactory  : Database: jdbc:h2:mem:testdb (H2 1.4)
2022-01-11 08:20:49.396  WARN 17264 --- [    Test worker] o.f.c.internal.database.base.Database    : Flyway upgrade recommended: H2 1.4.200 is newer than this version of Flyway and support has not been tested.
2022-01-11 08:20:49.414  INFO 17264 --- [    Test worker] o.f.core.internal.command.DbValidate     : Successfully validated 4 migrations (execution time 00:00.006s)
2022-01-11 08:20:49.420  INFO 17264 --- [    Test worker] o.f.c.i.s.JdbcTableSchemaHistory         : Creating Schema History table: "PUBLIC"."flyway_schema_history"
2022-01-11 08:20:49.435  INFO 17264 --- [    Test worker] o.f.core.internal.command.DbMigrate      : Current version of schema "PUBLIC": << Empty Schema >>
2022-01-11 08:20:49.435  INFO 17264 --- [    Test worker] o.f.core.internal.command.DbMigrate      : Migrating schema "PUBLIC" to version 1.0 - schema
2022-01-11 08:20:49.448  INFO 17264 --- [    Test worker] o.f.core.internal.command.DbMigrate      : Migrating schema "PUBLIC" to version 1.1 - schema persona
2022-01-11 08:20:49.458  INFO 17264 --- [    Test worker] o.f.core.internal.command.DbMigrate      : Migrating schema "PUBLIC" to version 1.1.1 - data
2022-01-11 08:20:49.470  INFO 17264 --- [    Test worker] o.f.core.internal.command.DbMigrate      : Migrating schema "PUBLIC" to version 1.1.2 - persona  data
2022-01-11 08:20:49.481  INFO 17264 --- [    Test worker] o.f.core.internal.command.DbMigrate      : Successfully applied 4 migrations to schema "PUBLIC" (execution time 00:00.063s)
2022-01-11 08:20:49.867  INFO 17264 --- [    Test worker] o.s.b.t.m.w.SpringBootMockServletContext : Initializing Spring TestDispatcherServlet ''
2022-01-11 08:20:49.867  INFO 17264 --- [    Test worker] o.s.t.web.servlet.TestDispatcherServlet  : Initializing Servlet ''
2022-01-11 08:20:49.868  INFO 17264 --- [    Test worker] o.s.t.web.servlet.TestDispatcherServlet  : Completed initialization in 1 ms
2022-01-11 08:20:49.893  INFO 17264 --- [    Test worker] d.s.w.p.DocumentationPluginsBootstrapper : Context refreshed
2022-01-11 08:20:49.893  INFO 17264 --- [    Test worker] d.s.w.p.DocumentationPluginsBootstrapper : Found 1 custom documentation plugin(s)
2022-01-11 08:20:49.909  INFO 17264 --- [    Test worker] s.d.s.w.s.ApiListingReferenceScanner     : Scanning for api listing references
2022-01-11 08:20:49.932  INFO 17264 --- [    Test worker] .d.s.w.r.o.CachingOperationNameGenerator : Generating unique operation named: crearUsingPOST_1
2022-01-11 08:20:49.952  INFO 17264 --- [    Test worker] c.c.u.c.ConsultaControladorUsuarioTest   : Started ConsultaControladorUsuarioTest in 1.82 seconds (JVM running for 20.742)
2022-01-11 08:20:49.987  INFO 17264 --- [    Test worker] o.s.j.d.e.EmbeddedDatabaseFactory        : Shutting down embedded database: url='jdbc:h2:mem:testdb;DB_CLOSE_DELAY=-1;DB_CLOSE_ON_EXIT=false'
2022-01-11 08:20:50.190  INFO 17264 --- [    Test worker] com.zaxxer.hikari.HikariDataSource       : pool - Shutdown initiated...
2022-01-11 08:20:50.194  INFO 17264 --- [    Test worker] com.zaxxer.hikari.HikariDataSource       : pool - Shutdown completed.
]]></system-out>
  <system-err><![CDATA[]]></system-err>
</testsuite>
