<?xml version="1.0" encoding="UTF-8"?>
<testsuite name="com.ceiba.trm.controlador.ConsultaControladorTrmTest" tests="1" skipped="0" failures="0" errors="0" timestamp="2022-01-26T21:39:43" hostname="CARLOS-RIASCO" time="3.157">
  <properties/>
  <testcase name="consultarTrm()" classname="com.ceiba.trm.controlador.ConsultaControladorTrmTest" time="3.157"/>
  <system-out><![CDATA[2022-01-26 16:39:41.898  INFO 18376 --- [    Test worker] o.s.t.c.support.AbstractContextLoader    : Could not detect default resource locations for test class [com.ceiba.trm.controlador.ConsultaControladorTrmTest]: no resource found for suffixes {-context.xml, Context.groovy}.
2022-01-26 16:39:41.900  INFO 18376 --- [    Test worker] .b.t.a.w.s.WebMvcTestContextBootstrapper : Loaded default TestExecutionListener class names from location [META-INF/spring.factories]: [org.springframework.boot.test.autoconfigure.restdocs.RestDocsTestExecutionListener, org.springframework.boot.test.autoconfigure.web.client.MockRestServiceServerResetTestExecutionListener, org.springframework.boot.test.autoconfigure.web.servlet.MockMvcPrintOnlyOnFailureTestExecutionListener, org.springframework.boot.test.autoconfigure.web.servlet.WebDriverTestExecutionListener, org.springframework.boot.test.autoconfigure.webservices.client.MockWebServiceServerTestExecutionListener, org.springframework.boot.test.mock.mockito.MockitoTestExecutionListener, org.springframework.boot.test.mock.mockito.ResetMocksTestExecutionListener, org.springframework.test.context.web.ServletTestExecutionListener, org.springframework.test.context.support.DirtiesContextBeforeModesTestExecutionListener, org.springframework.test.context.event.ApplicationEventsTestExecutionListener, org.springframework.test.context.support.DependencyInjectionTestExecutionListener, org.springframework.test.context.support.DirtiesContextTestExecutionListener, org.springframework.test.context.transaction.TransactionalTestExecutionListener, org.springframework.test.context.jdbc.SqlScriptsTestExecutionListener, org.springframework.test.context.event.EventPublishingTestExecutionListener]
2022-01-26 16:39:41.901  INFO 18376 --- [    Test worker] .b.t.a.w.s.WebMvcTestContextBootstrapper : Using TestExecutionListeners: [org.springframework.test.context.web.ServletTestExecutionListener@458babc3, org.springframework.test.context.support.DirtiesContextBeforeModesTestExecutionListener@39c03439, org.springframework.test.context.event.ApplicationEventsTestExecutionListener@6640ae0e, org.springframework.boot.test.mock.mockito.MockitoTestExecutionListener@4262e2a9, org.springframework.boot.test.autoconfigure.SpringBootDependencyInjectionTestExecutionListener@5a2f8c95, org.springframework.test.context.support.DirtiesContextTestExecutionListener@62f60a15, org.springframework.test.context.transaction.TransactionalTestExecutionListener@1a5e89b, org.springframework.test.context.jdbc.SqlScriptsTestExecutionListener@548735ac, org.springframework.test.context.event.EventPublishingTestExecutionListener@726a508d, org.springframework.boot.test.autoconfigure.restdocs.RestDocsTestExecutionListener@201e4a77, org.springframework.boot.test.autoconfigure.web.client.MockRestServiceServerResetTestExecutionListener@ed19fdf, org.springframework.boot.test.autoconfigure.web.servlet.MockMvcPrintOnlyOnFailureTestExecutionListener@6396e1fc, org.springframework.boot.test.autoconfigure.web.servlet.WebDriverTestExecutionListener@43d83b3b, org.springframework.boot.test.autoconfigure.webservices.client.MockWebServiceServerTestExecutionListener@11479cc5, org.springframework.boot.test.mock.mockito.ResetMocksTestExecutionListener@13ead655]

  .   ____          _            __ _ _
 /\\ / ___'_ __ _ _(_)_ __  __ _ \ \ \ \
( ( )\___ | '_ | '_| | '_ \/ _` | \ \ \ \
 \\/  ___)| |_)| | | | | || (_| |  ) ) ) )
  '  |____| .__|_| |_|_| |_\__, | / / / /
 =========|_|==============|___/=/_/_/_/
 :: Spring Boot ::                (v2.5.3)

2022-01-26 16:39:41.957  INFO 18376 --- [    Test worker] c.c.t.c.ConsultaControladorTrmTest       : Starting ConsultaControladorTrmTest using Java 1.8.0_311 on CARLOS-RIASCO with PID 18376 (started by carlos.riascos in C:\Users\carlos.riascos\Desktop\ADN\java-arquitectura-hexagonal\microservicio\infraestructura)
2022-01-26 16:39:41.958  INFO 18376 --- [    Test worker] c.c.t.c.ConsultaControladorTrmTest       : No active profile set, falling back to default profiles: default
2022-01-26 16:39:42.403  INFO 18376 --- [    Test worker] com.zaxxer.hikari.HikariDataSource       : pool - Starting...
2022-01-26 16:39:42.406  INFO 18376 --- [    Test worker] com.zaxxer.hikari.HikariDataSource       : pool - Start completed.
2022-01-26 16:39:43.041  INFO 18376 --- [    Test worker] pertySourcedRequestMappingHandlerMapping : Mapped URL path [/v2/api-docs] onto method [springfox.documentation.swagger2.web.Swagger2Controller#getDocumentation(String, HttpServletRequest)]
2022-01-26 16:39:43.046  INFO 18376 --- [    Test worker] o.s.j.d.e.EmbeddedDatabaseFactory        : Starting embedded database: url='jdbc:h2:mem:testdb;DB_CLOSE_DELAY=-1;DB_CLOSE_ON_EXIT=false', username='sa'
2022-01-26 16:39:43.057  INFO 18376 --- [    Test worker] o.f.c.internal.database.DatabaseFactory  : Database: jdbc:h2:mem:testdb (H2 1.4)
2022-01-26 16:39:43.059  WARN 18376 --- [    Test worker] o.f.c.internal.database.base.Database    : Flyway upgrade recommended: H2 1.4.200 is newer than this version of Flyway and support has not been tested.
2022-01-26 16:39:43.077  INFO 18376 --- [    Test worker] o.f.core.internal.command.DbValidate     : Successfully validated 8 migrations (execution time 00:00.008s)
2022-01-26 16:39:43.080  INFO 18376 --- [    Test worker] o.f.c.i.s.JdbcTableSchemaHistory         : Creating Schema History table: "PUBLIC"."flyway_schema_history"
2022-01-26 16:39:43.087  INFO 18376 --- [    Test worker] o.f.core.internal.command.DbMigrate      : Current version of schema "PUBLIC": << Empty Schema >>
2022-01-26 16:39:43.087  INFO 18376 --- [    Test worker] o.f.core.internal.command.DbMigrate      : Migrating schema "PUBLIC" to version 1.0 - schema
2022-01-26 16:39:43.093  INFO 18376 --- [    Test worker] o.f.core.internal.command.DbMigrate      : Migrating schema "PUBLIC" to version 1.1 - schema persona
2022-01-26 16:39:43.101  INFO 18376 --- [    Test worker] o.f.core.internal.command.DbMigrate      : Migrating schema "PUBLIC" to version 1.1.1 - data
2022-01-26 16:39:43.108  INFO 18376 --- [    Test worker] o.f.core.internal.command.DbMigrate      : Migrating schema "PUBLIC" to version 1.1.2 - persona  data
2022-01-26 16:39:43.115  INFO 18376 --- [    Test worker] o.f.core.internal.command.DbMigrate      : Migrating schema "PUBLIC" to version 1.2 - schema prestamos
2022-01-26 16:39:43.124  INFO 18376 --- [    Test worker] o.f.core.internal.command.DbMigrate      : Migrating schema "PUBLIC" to version 1.2.1 - prestamos  data
2022-01-26 16:39:43.131  INFO 18376 --- [    Test worker] o.f.core.internal.command.DbMigrate      : Migrating schema "PUBLIC" to version 1.3 - schema abonos
2022-01-26 16:39:43.137  INFO 18376 --- [    Test worker] o.f.core.internal.command.DbMigrate      : Migrating schema "PUBLIC" to version 1.3.1 - abonos  data
2022-01-26 16:39:43.142  INFO 18376 --- [    Test worker] o.f.core.internal.command.DbMigrate      : Successfully applied 8 migrations to schema "PUBLIC" (execution time 00:00.063s)
2022-01-26 16:39:43.477  INFO 18376 --- [    Test worker] o.s.b.t.m.w.SpringBootMockServletContext : Initializing Spring TestDispatcherServlet ''
2022-01-26 16:39:43.478  INFO 18376 --- [    Test worker] o.s.t.web.servlet.TestDispatcherServlet  : Initializing Servlet ''
2022-01-26 16:39:43.479  INFO 18376 --- [    Test worker] o.s.t.web.servlet.TestDispatcherServlet  : Completed initialization in 1 ms
2022-01-26 16:39:43.502  INFO 18376 --- [    Test worker] d.s.w.p.DocumentationPluginsBootstrapper : Context refreshed
2022-01-26 16:39:43.503  INFO 18376 --- [    Test worker] d.s.w.p.DocumentationPluginsBootstrapper : Found 1 custom documentation plugin(s)
2022-01-26 16:39:43.517  INFO 18376 --- [    Test worker] s.d.s.w.s.ApiListingReferenceScanner     : Scanning for api listing references
2022-01-26 16:39:43.528  INFO 18376 --- [    Test worker] .d.s.w.r.o.CachingOperationNameGenerator : Generating unique operation named: crearUsingPOST_1
2022-01-26 16:39:43.535  INFO 18376 --- [    Test worker] .d.s.w.r.o.CachingOperationNameGenerator : Generating unique operation named: crearUsingPOST_2
2022-01-26 16:39:43.541  INFO 18376 --- [    Test worker] .d.s.w.r.o.CachingOperationNameGenerator : Generating unique operation named: crearUsingPOST_3
2022-01-26 16:39:43.551  INFO 18376 --- [    Test worker] .d.s.w.r.o.CachingOperationNameGenerator : Generating unique operation named: listarUsingGET_1
2022-01-26 16:39:43.554  INFO 18376 --- [    Test worker] .d.s.w.r.o.CachingOperationNameGenerator : Generating unique operation named: listarUsingGET_2
2022-01-26 16:39:43.558  INFO 18376 --- [    Test worker] .d.s.w.r.o.CachingOperationNameGenerator : Generating unique operation named: listarUsingGET_3
2022-01-26 16:39:43.566  INFO 18376 --- [    Test worker] c.c.t.c.ConsultaControladorTrmTest       : Started ConsultaControladorTrmTest in 1.66 seconds (JVM running for 35.596)
2022-01-26 16:39:43.817  WARN 18376 --- [    Test worker] org.apache.axis.utils.JavaUtils          : Unable to find required classes (javax.activation.DataHandler and javax.mail.internet.MimeMultipart). Attachment support is disabled.
2022-01-26 16:39:46.511  INFO 18376 --- [    Test worker] o.s.j.d.e.EmbeddedDatabaseFactory        : Shutting down embedded database: url='jdbc:h2:mem:testdb;DB_CLOSE_DELAY=-1;DB_CLOSE_ON_EXIT=false'
2022-01-26 16:39:46.725  INFO 18376 --- [    Test worker] com.zaxxer.hikari.HikariDataSource       : pool - Shutdown initiated...
2022-01-26 16:39:46.727  INFO 18376 --- [    Test worker] com.zaxxer.hikari.HikariDataSource       : pool - Shutdown completed.
]]></system-out>
  <system-err><![CDATA[]]></system-err>
</testsuite>
