<?xml version="1.0" encoding="UTF-8"?>
<testsuite name="com.ceiba.usuario.servicio.ServicioActualizarUsuarioTest" tests="2" skipped="0" failures="0" errors="0" timestamp="2022-01-09T17:47:31" hostname="CARLOS-RIASCO" time="1.94">
  <properties/>
  <testcase name="Deberia actualizar correctamente en el repositorio" classname="com.ceiba.usuario.servicio.ServicioActualizarUsuarioTest" time="1.933"/>
  <testcase name="Deberia validar la existencia previa del usuario" classname="com.ceiba.usuario.servicio.ServicioActualizarUsuarioTest" time="0.005"/>
  <system-out><![CDATA[]]></system-out>
  <system-err><![CDATA[]]></system-err>
</testsuite>
