<?xml version="1.0" encoding="UTF-8"?>
<testsuite name="com.ceiba.persona.entidad.PersonaTest" tests="3" skipped="0" failures="0" errors="0" timestamp="2022-01-13T17:40:09" hostname="CARLOS-RIASCO" time="0.086">
  <properties/>
  <testcase name="deberiaFallarSinNombre()" classname="com.ceiba.persona.entidad.PersonaTest" time="0.066"/>
  <testcase name="deberiaFallarConIdentificacionNegativo()" classname="com.ceiba.persona.entidad.PersonaTest" time="0.003"/>
  <testcase name="Deberia crear correctamente la persona" classname="com.ceiba.persona.entidad.PersonaTest" time="0.013"/>
  <system-out><![CDATA[]]></system-out>
  <system-err><![CDATA[]]></system-err>
</testsuite>
