<?xml version="1.0" encoding="UTF-8"?>
<testsuite name="com.ceiba.usuario.servicio.ServicioActualizarUsuarioTest" tests="2" skipped="0" failures="0" errors="0" timestamp="2022-01-11T13:02:02" hostname="CARLOS-RIASCO" time="2.119">
  <properties/>
  <testcase name="Deberia actualizar correctamente en el repositorio" classname="com.ceiba.usuario.servicio.ServicioActualizarUsuarioTest" time="2.113"/>
  <testcase name="Deberia validar la existencia previa del usuario" classname="com.ceiba.usuario.servicio.ServicioActualizarUsuarioTest" time="0.004"/>
  <system-out><![CDATA[]]></system-out>
  <system-err><![CDATA[]]></system-err>
</testsuite>
