<?xml version="1.0" encoding="UTF-8"?>
<testsuite name="com.ceiba.prestamo.entidad.PrestamoTest" tests="5" skipped="0" failures="0" errors="0" timestamp="2022-01-27T14:15:32" hostname="CARLOS-RIASCO" time="0.009">
  <properties/>
  <testcase name="Deberia crear correctamente la persona" classname="com.ceiba.prestamo.entidad.PrestamoTest" time="0.001"/>
  <testcase name="deberiaFallarConPersonaVacio()" classname="com.ceiba.prestamo.entidad.PrestamoTest" time="0.002"/>
  <testcase name="deberiaFallarConValorPrestamoNegativo()" classname="com.ceiba.prestamo.entidad.PrestamoTest" time="0.001"/>
  <testcase name="deberiaFallarConPersonaNegativo()" classname="com.ceiba.prestamo.entidad.PrestamoTest" time="0.001"/>
  <testcase name="Deberia crear correctamente la persona" classname="com.ceiba.prestamo.entidad.PrestamoTest" time="0.001"/>
  <system-out><![CDATA[]]></system-out>
  <system-err><![CDATA[]]></system-err>
</testsuite>
