<?xml version="1.0" encoding="UTF-8"?>
<testsuite name="com.ceiba.trm.servicio.ServicioConsultarTrmTest" tests="1" skipped="0" failures="0" errors="0" timestamp="2022-01-20T13:30:55" hostname="CARLOS-RIASCO" time="0.127">
  <properties/>
  <testcase name="ejecutar()" classname="com.ceiba.trm.servicio.ServicioConsultarTrmTest" time="0.127"/>
  <system-out><![CDATA[]]></system-out>
  <system-err><![CDATA[]]></system-err>
</testsuite>
