<?xml version="1.0" encoding="UTF-8"?>
<testsuite name="com.ceiba.usuario.entidad.UsuarioTest" tests="5" skipped="0" failures="0" errors="0" timestamp="2022-01-26T21:39:05" hostname="CARLOS-RIASCO" time="0.009">
  <properties/>
  <testcase name="deberiaFallarSinTamanioClave()" classname="com.ceiba.usuario.entidad.UsuarioTest" time="0.002"/>
  <testcase name="Deberia crear correctamente el usuario" classname="com.ceiba.usuario.entidad.UsuarioTest" time="0.0"/>
  <testcase name="deberiaFallarSinClave()" classname="com.ceiba.usuario.entidad.UsuarioTest" time="0.001"/>
  <testcase name="deberiaFallarSinNombreDeUsuario()" classname="com.ceiba.usuario.entidad.UsuarioTest" time="0.001"/>
  <testcase name="deberiaFallarSinFechaCreacion()" classname="com.ceiba.usuario.entidad.UsuarioTest" time="0.001"/>
  <system-out><![CDATA[]]></system-out>
  <system-err><![CDATA[]]></system-err>
</testsuite>
