<?xml version="1.0" encoding="UTF-8"?>
<testsuite name="com.ceiba.prestamo.entidad.PrestamoTest" tests="4" skipped="0" failures="0" errors="0" timestamp="2022-01-13T17:40:11" hostname="CARLOS-RIASCO" time="0.012">
  <properties/>
  <testcase name="Deberia crear correctamente la persona" classname="com.ceiba.prestamo.entidad.PrestamoTest" time="0.003"/>
  <testcase name="deberiaFallarConPersonaVacio()" classname="com.ceiba.prestamo.entidad.PrestamoTest" time="0.002"/>
  <testcase name="deberiaFallarConValorPrestamoNegativo()" classname="com.ceiba.prestamo.entidad.PrestamoTest" time="0.002"/>
  <testcase name="deberiaFallarConPersonaNegativo()" classname="com.ceiba.prestamo.entidad.PrestamoTest" time="0.002"/>
  <system-out><![CDATA[]]></system-out>
  <system-err><![CDATA[]]></system-err>
</testsuite>
