<?xml version="1.0" encoding="UTF-8"?>
<testsuite name="com.ceiba.persona.servicio.ServicioCrearPersonaTest" tests="2" skipped="0" failures="0" errors="0" timestamp="2022-01-27T14:15:32" hostname="CARLOS-RIASCO" time="0.088">
  <properties/>
  <testcase name="Deberia lanzar una exepcion cuando se valide la existencia de la persona" classname="com.ceiba.persona.servicio.ServicioCrearPersonaTest" time="0.066"/>
  <testcase name="Deberia Crear el usuario de manera correcta" classname="com.ceiba.persona.servicio.ServicioCrearPersonaTest" time="0.02"/>
  <system-out><![CDATA[]]></system-out>
  <system-err><![CDATA[]]></system-err>
</testsuite>
