<?xml version="1.0" encoding="UTF-8"?>
<testsuite name="com.ceiba.prestamo.servicio.ServicioCrearPrestamoTest" tests="2" skipped="0" failures="0" errors="0" timestamp="2022-01-20T13:30:55" hostname="CARLOS-RIASCO" time="0.014">
  <properties/>
  <testcase name="Deberia Crear el prestamo de manera correcta" classname="com.ceiba.prestamo.servicio.ServicioCrearPrestamoTest" time="0.007"/>
  <testcase name="Deberia lanzar una exepcion cuando se valide la existencia del prestamo a la persona sin tener el otro prestamo pago" classname="com.ceiba.prestamo.servicio.ServicioCrearPrestamoTest" time="0.004"/>
  <system-out><![CDATA[]]></system-out>
  <system-err><![CDATA[]]></system-err>
</testsuite>
