<?xml version="1.0" encoding="UTF-8"?>
<testsuite name="com.ceiba.prestamo.servicio.ServicioCrearPrestamoTest" tests="2" skipped="0" failures="0" errors="0" timestamp="2022-01-15T04:01:36" hostname="CARLOS-RIASCO" time="2.79">
  <properties/>
  <testcase name="Deberia Crear el usuario de manera correcta" classname="com.ceiba.prestamo.servicio.ServicioCrearPrestamoTest" time="2.778"/>
  <testcase name="Deberia lanzar una exepcion cuando se valide la existencia del prestamo a la persona sin tener el otro prestamo pago" classname="com.ceiba.prestamo.servicio.ServicioCrearPrestamoTest" time="0.01"/>
  <system-out><![CDATA[]]></system-out>
  <system-err><![CDATA[]]></system-err>
</testsuite>
