<?xml version="1.0" encoding="UTF-8"?>
<testsuite name="com.ceiba.abono.entidad.AbonoTest" tests="4" skipped="0" failures="0" errors="0" timestamp="2022-01-17T12:25:10" hostname="CARLOS-RIASCO" time="0.082">
  <properties/>
  <testcase name="deberiaFallarConValorAbonoNegativo()" classname="com.ceiba.abono.entidad.AbonoTest" time="0.067"/>
  <testcase name="Deberia crear correctamente el abono" classname="com.ceiba.abono.entidad.AbonoTest" time="0.008"/>
  <testcase name="deberiaFallarSinIdValorPrestamo()" classname="com.ceiba.abono.entidad.AbonoTest" time="0.002"/>
  <testcase name="deberiaFallarConIdValorPrestamoNegativo()" classname="com.ceiba.abono.entidad.AbonoTest" time="0.002"/>
  <system-out><![CDATA[]]></system-out>
  <system-err><![CDATA[]]></system-err>
</testsuite>
