<?xml version="1.0" encoding="UTF-8"?>
<testsuite name="com.ceiba.usuario.servicio.ServicioCrearUsuarioTest" tests="3" skipped="0" failures="0" errors="0" timestamp="2022-01-13T17:40:11" hostname="CARLOS-RIASCO" time="0.009">
  <properties/>
  <testcase name="Deberia lanzar una exepecion cuando la longitud de la clave sea menor a 4" classname="com.ceiba.usuario.servicio.ServicioCrearUsuarioTest" time="0.002"/>
  <testcase name="Deberia lanzar una exepcion cuando se valide la existencia del Usuario" classname="com.ceiba.usuario.servicio.ServicioCrearUsuarioTest" time="0.003"/>
  <testcase name="Deberia Crear el usuario de manera correcta" classname="com.ceiba.usuario.servicio.ServicioCrearUsuarioTest" time="0.002"/>
  <system-out><![CDATA[La clave debe tener una longitud mayor o igual a 4
El usuario ya existe en el sistema
]]></system-out>
  <system-err><![CDATA[]]></system-err>
</testsuite>
