<?xml version="1.0" encoding="UTF-8"?>
<testsuite name="com.ceiba.abono.servicio.ServicioCrearAbonoTest" tests="12" skipped="0" failures="0" errors="0" timestamp="2022-01-27T16:12:49" hostname="CARLOS-RIASCO" time="2.323">
  <properties/>
  <testcase name="Deberia fallar porque el prestamo no existe" classname="com.ceiba.abono.servicio.ServicioCrearAbonoTest" time="2.234"/>
  <testcase name="Deberia Crear el abono de manera correcta con pago total en dos abonos" classname="com.ceiba.abono.servicio.ServicioCrearAbonoTest" time="0.03"/>
  <testcase name="Deberia fallar porque el prestamo ya está cancelado" classname="com.ceiba.abono.servicio.ServicioCrearAbonoTest" time="0.006"/>
  <testcase name="Deberia crear el abono con un valor mayor en fecha vencida" classname="com.ceiba.abono.servicio.ServicioCrearAbonoTest" time="0.005"/>
  <testcase name="Deberia fallar el abono con un valor menor en fecha vencida y tiene abono anterior" classname="com.ceiba.abono.servicio.ServicioCrearAbonoTest" time="0.006"/>
  <testcase name="Deberia crear el abono con un descuento por un solo pago en fecha anticipada" classname="com.ceiba.abono.servicio.ServicioCrearAbonoTest" time="0.004"/>
  <testcase name="Deberia Crear el abono de manera correcta con un valor restante" classname="com.ceiba.abono.servicio.ServicioCrearAbonoTest" time="0.003"/>
  <testcase name="Deberia fallar el abono con un valor mayor al saldo" classname="com.ceiba.abono.servicio.ServicioCrearAbonoTest" time="0.003"/>
  <testcase name="Deberia Fallar el abono con descuento por fecha de pago en el día de hoy" classname="com.ceiba.abono.servicio.ServicioCrearAbonoTest" time="0.004"/>
  <testcase name="Deberia fallar el abono con un valor de abono igual a valor de prestamo con descuento" classname="com.ceiba.abono.servicio.ServicioCrearAbonoTest" time="0.004"/>
  <testcase name="Deberia fallar porque el saldo es mayor a abono y está en fecha vencida" classname="com.ceiba.abono.servicio.ServicioCrearAbonoTest" time="0.004"/>
  <testcase name="Deberia fallar el abono con un valor menor en fecha vencida" classname="com.ceiba.abono.servicio.ServicioCrearAbonoTest" time="0.003"/>
  <system-out><![CDATA[]]></system-out>
  <system-err><![CDATA[]]></system-err>
</testsuite>
