<?xml version="1.0" encoding="UTF-8"?>
<testsuite name="com.ceiba.usuario.servicio.ServicioEliminarUsuarioTest" tests="1" skipped="0" failures="0" errors="0" timestamp="2022-01-20T13:30:56" hostname="CARLOS-RIASCO" time="0.005">
  <properties/>
  <testcase name="Deberia eliminar el usuario llamando al repositorio" classname="com.ceiba.usuario.servicio.ServicioEliminarUsuarioTest" time="0.005"/>
  <system-out><![CDATA[]]></system-out>
  <system-err><![CDATA[]]></system-err>
</testsuite>
